Determining if the include file pthread.h exists failed with the following output:
Change Dir: C:/Project Harmony/curl/CMakeFiles/CMakeTmp

Run Build Command(s):C:/Program Files (x86)/Microsoft Visual Studio/2019/Community/MSBuild/Current/Bin/MSBuild.exe cmTC_844fb.vcxproj /p:Configuration=Debug /p:Platform=x64 /p:VisualStudioVersion=16.0 /v:m && Microsoft (R) Build Engine version 16.11.2+f32259642 for .NET Framework
Copyright (C) Microsoft Corporation. All rights reserved.

  Microsoft (R) C/C++ Optimizing Compiler Version 19.29.30141 for x64
  Copyright (C) Microsoft Corporation.  All rights reserved.
  CheckIncludeFile.c
  cl /c /Zi /W1 /WX- /diagnostics:column /Od /Ob0 /D _MBCS /D WIN32 /D _WINDOWS /D _WIN32_WINNT=0x0600 /D _WINSOCKAPI_= /D "CMAKE_INTDIR=\"Debug\"" /Gm- /RTC1 /MDd /GS /fp:precise /Zc:wchar_t /Zc:forScope /Zc:inline /Fo"cmTC_844fb.dir\Debug\\" /Fd"cmTC_844fb.dir\Debug\vc142.pdb" /external:W1 /Gd /TC /errorReport:queue "C:\Project Harmony\curl\CMakeFiles\CMakeTmp\CheckIncludeFile.c"
C:\Project Harmony\curl\CMakeFiles\CMakeTmp\CheckIncludeFile.c(1,10): fatal error C1083: Cannot open include file: 'pthread.h': No such file or directory [C:\Project Harmony\curl\CMakeFiles\CMakeTmp\cmTC_844fb.vcxproj]



Determining if files ;winldap.h exist failed with the following output:
Change Dir: C:/Project Harmony/curl/CMakeFiles/CMakeTmp

Run Build Command(s):C:/Program Files (x86)/Microsoft Visual Studio/2019/Community/MSBuild/Current/Bin/MSBuild.exe cmTC_051c4.vcxproj /p:Configuration=Debug /p:Platform=x64 /p:VisualStudioVersion=16.0 /v:m && Microsoft (R) Build Engine version 16.11.2+f32259642 for .NET Framework
Copyright (C) Microsoft Corporation. All rights reserved.

  Microsoft (R) C/C++ Optimizing Compiler Version 19.29.30141 for x64
  Copyright (C) Microsoft Corporation.  All rights reserved.
  HAVE_WINLDAP_H.c
  cl /c /Zi /W1 /WX- /diagnostics:column /Od /Ob0 /D _MBCS /D WIN32 /D _WINDOWS /D _WIN32_WINNT=0x0600 /D _WINSOCKAPI_= /D "CMAKE_INTDIR=\"Debug\"" /Gm- /RTC1 /MDd /GS /fp:precise /Zc:wchar_t /Zc:forScope /Zc:inline /Fo"cmTC_051c4.dir\Debug\\" /Fd"cmTC_051c4.dir\Debug\vc142.pdb" /external:W1 /Gd /TC /errorReport:queue "C:\Project Harmony\curl\CMakeFiles\CheckIncludeFiles\HAVE_WINLDAP_H.c"
C:\Program Files (x86)\Windows Kits\10\Include\10.0.19041.0\um\winnt.h(173,1): fatal error C1189: #error:  "No Target Architecture" [C:\Project Harmony\curl\CMakeFiles\CMakeTmp\cmTC_051c4.vcxproj]


Source:
/* */
#include <winldap.h>


int main(void){return 0;}

Determining if files ;winber.h exist failed with the following output:
Change Dir: C:/Project Harmony/curl/CMakeFiles/CMakeTmp

Run Build Command(s):C:/Program Files (x86)/Microsoft Visual Studio/2019/Community/MSBuild/Current/Bin/MSBuild.exe cmTC_f63d4.vcxproj /p:Configuration=Debug /p:Platform=x64 /p:VisualStudioVersion=16.0 /v:m && Microsoft (R) Build Engine version 16.11.2+f32259642 for .NET Framework
Copyright (C) Microsoft Corporation. All rights reserved.

  Microsoft (R) C/C++ Optimizing Compiler Version 19.29.30141 for x64
  Copyright (C) Microsoft Corporation.  All rights reserved.
  HAVE_WINBER_H.c
  cl /c /Zi /W1 /WX- /diagnostics:column /Od /Ob0 /D _MBCS /D WIN32 /D _WINDOWS /D _WIN32_WINNT=0x0600 /D _WINSOCKAPI_= /D "CMAKE_INTDIR=\"Debug\"" /Gm- /RTC1 /MDd /GS /fp:precise /Zc:wchar_t /Zc:forScope /Zc:inline /Fo"cmTC_f63d4.dir\Debug\\" /Fd"cmTC_f63d4.dir\Debug\vc142.pdb" /external:W1 /Gd /TC /errorReport:queue "C:\Project Harmony\curl\CMakeFiles\CheckIncludeFiles\HAVE_WINBER_H.c"
C:\Program Files (x86)\Windows Kits\10\Include\10.0.19041.0\um\winber.h(67,11): error C2061: syntax error: identifier 'BerElement' [C:\Project Harmony\curl\CMakeFiles\CMakeTmp\cmTC_f63d4.vcxproj]
C:\Program Files (x86)\Windows Kits\10\Include\10.0.19041.0\um\winber.h(67,11): error C2059: syntax error: ';' [C:\Project Harmony\curl\CMakeFiles\CMakeTmp\cmTC_f63d4.vcxproj]
C:\Program Files (x86)\Windows Kits\10\Include\10.0.19041.0\um\winber.h(67,48): error C2143: syntax error: missing ')' before '*' [C:\Project Harmony\curl\CMakeFiles\CMakeTmp\cmTC_f63d4.vcxproj]
C:\Program Files (x86)\Windows Kits\10\Include\10.0.19041.0\um\winber.h(67,48): error C2143: syntax error: missing '{' before '*' [C:\Project Harmony\curl\CMakeFiles\CMakeTmp\cmTC_f63d4.vcxproj]
C:\Program Files (x86)\Windows Kits\10\Include\10.0.19041.0\um\winber.h(67,57): error C2059: syntax error: ')' [C:\Project Harmony\curl\CMakeFiles\CMakeTmp\cmTC_f63d4.vcxproj]
C:\Program Files (x86)\Windows Kits\10\Include\10.0.19041.0\um\winber.h(76,11): error C2061: syntax error: identifier 'VOID' [C:\Project Harmony\curl\CMakeFiles\CMakeTmp\cmTC_f63d4.vcxproj]
C:\Program Files (x86)\Windows Kits\10\Include\10.0.19041.0\um\winber.h(76,11): error C2059: syntax error: ';' [C:\Project Harmony\curl\CMakeFiles\CMakeTmp\cmTC_f63d4.vcxproj]
C:\Program Files (x86)\Windows Kits\10\Include\10.0.19041.0\um\winber.h(76,44): error C2143: syntax error: missing ')' before '*' [C:\Project Harmony\curl\CMakeFiles\CMakeTmp\cmTC_f63d4.vcxproj]
C:\Program Files (x86)\Windows Kits\10\Include\10.0.19041.0\um\winber.h(76,44): error C2143: syntax error: missing '{' before '*' [C:\Project Harmony\curl\CMakeFiles\CMakeTmp\cmTC_f63d4.vcxproj]
C:\Program Files (x86)\Windows Kits\10\Include\10.0.19041.0\um\winber.h(76,62): error C2146: syntax error: missing ';' before identifier 'fbuf' [C:\Project Harmony\curl\CMakeFiles\CMakeTmp\cmTC_f63d4.vcxproj]
C:\Program Files (x86)\Windows Kits\10\Include\10.0.19041.0\um\winber.h(76,67): error C2059: syntax error: ')' [C:\Project Harmony\curl\CMakeFiles\CMakeTmp\cmTC_f63d4.vcxproj]
C:\Program Files (x86)\Windows Kits\10\Include\10.0.19041.0\um\winber.h(84,11): error C2061: syntax error: identifier 'VOID' [C:\Project Harmony\curl\CMakeFiles\CMakeTmp\cmTC_f63d4.vcxproj]
C:\Program Files (x86)\Windows Kits\10\Include\10.0.19041.0\um\winber.h(84,11): error C2059: syntax error: ';' [C:\Project Harmony\curl\CMakeFiles\CMakeTmp\cmTC_f63d4.vcxproj]
C:\Program Files (x86)\Windows Kits\10\Include\10.0.19041.0\um\winber.h(84,42): error C2143: syntax error: missing ')' before '*' [C:\Project Harmony\curl\CMakeFiles\CMakeTmp\cmTC_f63d4.vcxproj]
C:\Program Files (x86)\Windows Kits\10\Include\10.0.19041.0\um\winber.h(84,42): error C2143: syntax error: missing '{' before '*' [C:\Project Harmony\curl\CMakeFiles\CMakeTmp\cmTC_f63d4.vcxproj]
C:\Program Files (x86)\Windows Kits\10\Include\10.0.19041.0\um\winber.h(84,51): error C2059: syntax error: ')' [C:\Project Harmony\curl\CMakeFiles\CMakeTmp\cmTC_f63d4.vcxproj]
C:\Program Files (x86)\Windows Kits\10\Include\10.0.19041.0\um\winber.h(91,11): error C2061: syntax error: identifier 'VOID' [C:\Project Harmony\curl\CMakeFiles\CMakeTmp\cmTC_f63d4.vcxproj]
C:\Program Files (x86)\Windows Kits\10\Include\10.0.19041.0\um\winber.h(91,11): error C2059: syntax error: ';' [C:\Project Harmony\curl\CMakeFiles\CMakeTmp\cmTC_f63d4.vcxproj]
C:\Program Files (x86)\Windows Kits\10\Include\10.0.19041.0\um\winber.h(91,45): error C2143: syntax error: missing ')' before '*' [C:\Project Harmony\curl\CMakeFiles\CMakeTmp\cmTC_f63d4.vcxproj]
C:\Program Files (x86)\Windows Kits\10\Include\10.0.19041.0\um\winber.h(91,45): error C2143: syntax error: missing '{' before '*' [C:\Project Harmony\curl\CMakeFiles\CMakeTmp\cmTC_f63d4.vcxproj]
C:\Program Files (x86)\Windows Kits\10\Include\10.0.19041.0\um\winber.h(91,54): error C2059: syntax error: ')' [C:\Project Harmony\curl\CMakeFiles\CMakeTmp\cmTC_f63d4.vcxproj]
C:\Program Files (x86)\Windows Kits\10\Include\10.0.19041.0\um\winber.h(97,11): error C2061: syntax error: identifier 'BERVAL' [C:\Project Harmony\curl\CMakeFiles\CMakeTmp\cmTC_f63d4.vcxproj]
C:\Program Files (x86)\Windows Kits\10\Include\10.0.19041.0\um\winber.h(97,11): error C2059: syntax error: ';' [C:\Project Harmony\curl\CMakeFiles\CMakeTmp\cmTC_f63d4.vcxproj]
C:\Program Files (x86)\Windows Kits\10\Include\10.0.19041.0\um\winber.h(97,45): error C2143: syntax error: missing ')' before '*' [C:\Project Harmony\curl\CMakeFiles\CMakeTmp\cmTC_f63d4.vcxproj]
C:\Program Files (x86)\Windows Kits\10\Include\10.0.19041.0\um\winber.h(97,45): error C2143: syntax error: missing '{' before '*' [C:\Project Harmony\curl\CMakeFiles\CMakeTmp\cmTC_f63d4.vcxproj]
C:\Program Files (x86)\Windows Kits\10\Include\10.0.19041.0\um\winber.h(97,54): error C2059: syntax error: ')' [C:\Project Harmony\curl\CMakeFiles\CMakeTmp\cmTC_f63d4.vcxproj]
C:\Program Files (x86)\Windows Kits\10\Include\10.0.19041.0\um\winber.h(108,11): error C2061: syntax error: identifier 'BerElement' [C:\Project Harmony\curl\CMakeFiles\CMakeTmp\cmTC_f63d4.vcxproj]
C:\Program Files (x86)\Windows Kits\10\Include\10.0.19041.0\um\winber.h(108,11): error C2059: syntax error: ';' [C:\Project Harmony\curl\CMakeFiles\CMakeTmp\cmTC_f63d4.vcxproj]
C:\Program Files (x86)\Windows Kits\10\Include\10.0.19041.0\um\winber.h(108,48): error C2146: syntax error: missing ')' before identifier 'options' [C:\Project Harmony\curl\CMakeFiles\CMakeTmp\cmTC_f63d4.vcxproj]
C:\Program Files (x86)\Windows Kits\10\Include\10.0.19041.0\um\winber.h(108,48): error C2061: syntax error: identifier 'options' [C:\Project Harmony\curl\CMakeFiles\CMakeTmp\cmTC_f63d4.vcxproj]
C:\Program Files (x86)\Windows Kits\10\Include\10.0.19041.0\um\winber.h(108,48): error C2059: syntax error: ';' [C:\Project Harmony\curl\CMakeFiles\CMakeTmp\cmTC_f63d4.vcxproj]
C:\Program Files (x86)\Windows Kits\10\Include\10.0.19041.0\um\winber.h(108,56): error C2059: syntax error: ')' [C:\Project Harmony\curl\CMakeFiles\CMakeTmp\cmTC_f63d4.vcxproj]
C:\Program Files (x86)\Windows Kits\10\Include\10.0.19041.0\um\winber.h(124,11): error C2061: syntax error: identifier 'ULONG' [C:\Project Harmony\curl\CMakeFiles\CMakeTmp\cmTC_f63d4.vcxproj]
C:\Program Files (x86)\Windows Kits\10\Include\10.0.19041.0\um\winber.h(124,11): error C2059: syntax error: ';' [C:\Project Harmony\curl\CMakeFiles\CMakeTmp\cmTC_f63d4.vcxproj]
C:\Program Files (x86)\Windows Kits\10\Include\10.0.19041.0\um\winber.h(124,49): error C2143: syntax error: missing ')' before '*' [C:\Project Harmony\curl\CMakeFiles\CMakeTmp\cmTC_f63d4.vcxproj]
C:\Program Files (x86)\Windows Kits\10\Include\10.0.19041.0\um\winber.h(124,49): error C2143: syntax error: missing '{' before '*' [C:\Project Harmony\curl\CMakeFiles\CMakeTmp\cmTC_f63d4.vcxproj]
C:\Program Files (x86)\Windows Kits\10\Include\10.0.19041.0\um\winber.h(124,69): error C2143: syntax error: missing ';' before '*' [C:\Project Harmony\curl\CMakeFiles\CMakeTmp\cmTC_f63d4.vcxproj]
C:\Program Files (x86)\Windows Kits\10\Include\10.0.19041.0\um\winber.h(124,75): error C2059: syntax error: ')' [C:\Project Harmony\curl\CMakeFiles\CMakeTmp\cmTC_f63d4.vcxproj]
C:\Program Files (x86)\Windows Kits\10\Include\10.0.19041.0\um\winber.h(135,11): error C2061: syntax error: identifier 'ULONG' [C:\Project Harmony\curl\CMakeFiles\CMakeTmp\cmTC_f63d4.vcxproj]
C:\Program Files (x86)\Windows Kits\10\Include\10.0.19041.0\um\winber.h(135,11): error C2059: syntax error: ';' [C:\Project Harmony\curl\CMakeFiles\CMakeTmp\cmTC_f63d4.vcxproj]
C:\Program Files (x86)\Windows Kits\10\Include\10.0.19041.0\um\winber.h(135,49): error C2143: syntax error: missing ')' before '*' [C:\Project Harmony\curl\CMakeFiles\CMakeTmp\cmTC_f63d4.vcxproj]
C:\Program Files (x86)\Windows Kits\10\Include\10.0.19041.0\um\winber.h(135,49): error C2143: syntax error: missing '{' before '*' [C:\Project Harmony\curl\CMakeFiles\CMakeTmp\cmTC_f63d4.vcxproj]
C:\Program Files (x86)\Windows Kits\10\Include\10.0.19041.0\um\winber.h(135,69): error C2143: syntax error: missing ';' before '*' [C:\Project Harmony\curl\CMakeFiles\CMakeTmp\cmTC_f63d4.vcxproj]
C:\Program Files (x86)\Windows Kits\10\Include\10.0.19041.0\um\winber.h(135,74): error C2059: syntax error: ')' [C:\Project Harmony\curl\CMakeFiles\CMakeTmp\cmTC_f63d4.vcxproj]
C:\Program Files (x86)\Windows Kits\10\Include\10.0.19041.0\um\winber.h(146,11): error C2061: syntax error: identifier 'ULONG' [C:\Project Harmony\curl\CMakeFiles\CMakeTmp\cmTC_f63d4.vcxproj]
C:\Program Files (x86)\Windows Kits\10\Include\10.0.19041.0\um\winber.h(146,11): error C2059: syntax error: ';' [C:\Project Harmony\curl\CMakeFiles\CMakeTmp\cmTC_f63d4.vcxproj]
C:\Program Files (x86)\Windows Kits\10\Include\10.0.19041.0\um\winber.h(146,54): error C2143: syntax error: missing ')' before '*' [C:\Project Harmony\curl\CMakeFiles\CMakeTmp\cmTC_f63d4.vcxproj]
C:\Program Files (x86)\Windows Kits\10\Include\10.0.19041.0\um\winber.h(146,54): error C2143: syntax error: missing '{' before '*' [C:\Project Harmony\curl\CMakeFiles\CMakeTmp\cmTC_f63d4.vcxproj]
C:\Program Files (x86)\Windows Kits\10\Include\10.0.19041.0\um\winber.h(146,74): error C2143: syntax error: missing ';' before '*' [C:\Project Harmony\curl\CMakeFiles\CMakeTmp\cmTC_f63d4.vcxproj]
C:\Program Files (x86)\Windows Kits\10\Include\10.0.19041.0\um\winber.h(146,87): error C2146: syntax error: missing ';' before identifier 'CHAR' [C:\Project Harmony\curl\CMakeFiles\CMakeTmp\cmTC_f63d4.vcxproj]
C:\Program Files (x86)\Windows Kits\10\Include\10.0.19041.0\um\winber.h(146,92): error C2143: syntax error: missing '{' before '*' [C:\Project Harmony\curl\CMakeFiles\CMakeTmp\cmTC_f63d4.vcxproj]
C:\Program Files (x86)\Windows Kits\10\Include\10.0.19041.0\um\winber.h(146,103): error C2059: syntax error: ')' [C:\Project Harmony\curl\CMakeFiles\CMakeTmp\cmTC_f63d4.vcxproj]
C:\Program Files (x86)\Windows Kits\10\Include\10.0.19041.0\um\winber.h(156,11): error C2061: syntax error: identifier 'ULONG' [C:\Project Harmony\curl\CMakeFiles\CMakeTmp\cmTC_f63d4.vcxproj]
C:\Program Files (x86)\Windows Kits\10\Include\10.0.19041.0\um\winber.h(156,11): error C2059: syntax error: ';' [C:\Project Harmony\curl\CMakeFiles\CMakeTmp\cmTC_f63d4.vcxproj]
C:\Program Files (x86)\Windows Kits\10\Include\10.0.19041.0\um\winber.h(156,53): error C2143: syntax error: missing ')' before '*' [C:\Project Harmony\curl\CMakeFiles\CMakeTmp\cmTC_f63d4.vcxproj]
C:\Program Files (x86)\Windows Kits\10\Include\10.0.19041.0\um\winber.h(156,53): error C2143: syntax error: missing '{' before '*' [C:\Project Harmony\curl\CMakeFiles\CMakeTmp\cmTC_f63d4.vcxproj]
C:\Program Files (x86)\Windows Kits\10\Include\10.0.19041.0\um\winber.h(156,73): error C2143: syntax error: missing ';' before '*' [C:\Project Harmony\curl\CMakeFiles\CMakeTmp\cmTC_f63d4.vcxproj]
C:\Program Files (x86)\Windows Kits\10\Include\10.0.19041.0\um\winber.h(156,85): error C2146: syntax error: missing ';' before identifier 'CHAR' [C:\Project Harmony\curl\CMakeFiles\CMakeTmp\cmTC_f63d4.vcxproj]
C:\Program Files (x86)\Windows Kits\10\Include\10.0.19041.0\um\winber.h(156,90): error C2143: syntax error: missing '{' before '*' [C:\Project Harmony\curl\CMakeFiles\CMakeTmp\cmTC_f63d4.vcxproj]
C:\Program Files (x86)\Windows Kits\10\Include\10.0.19041.0\um\winber.h(156,98): error C2059: syntax error: ')' [C:\Project Harmony\curl\CMakeFiles\CMakeTmp\cmTC_f63d4.vcxproj]
C:\Program Files (x86)\Windows Kits\10\Include\10.0.19041.0\um\winber.h(165,11): error C2061: syntax error: identifier 'INT' [C:\Project Harmony\curl\CMakeFiles\CMakeTmp\cmTC_f63d4.vcxproj]
C:\Program Files (x86)\Windows Kits\10\Include\10.0.19041.0\um\winber.h(165,11): error C2059: syntax error: ';' [C:\Project Harmony\curl\CMakeFiles\CMakeTmp\cmTC_f63d4.vcxproj]
C:\Program Files (x86)\Windows Kits\10\Include\10.0.19041.0\um\winber.h(165,46): error C2143: syntax error: missing ')' before '*' [C:\Project Harmony\curl\CMakeFiles\CMakeTmp\cmTC_f63d4.vcxproj]
C:\Program Files (x86)\Windows Kits\10\Include\10.0.19041.0\um\winber.h(165,46): error C2143: syntax error: missing '{' before '*' [C:\Project Harmony\curl\CMakeFiles\CMakeTmp\cmTC_f63d4.vcxproj]
C:\Program Files (x86)\Windows Kits\10\Include\10.0.19041.0\um\winber.h(165,68): error C2143: syntax error: missing ';' before '*' [C:\Project Harmony\curl\CMakeFiles\CMakeTmp\cmTC_f63d4.vcxproj]
C:\Program Files (x86)\Windows Kits\10\Include\10.0.19041.0\um\winber.h(165,77): error C2059: syntax error: ')' [C:\Project Harmony\curl\CMakeFiles\CMakeTmp\cmTC_f63d4.vcxproj]
C:\Program Files (x86)\Windows Kits\10\Include\10.0.19041.0\um\winber.h(248,11): error C2061: syntax error: identifier 'INT' [C:\Project Harmony\curl\CMakeFiles\CMakeTmp\cmTC_f63d4.vcxproj]
C:\Program Files (x86)\Windows Kits\10\Include\10.0.19041.0\um\winber.h(248,11): error C2059: syntax error: ';' [C:\Project Harmony\curl\CMakeFiles\CMakeTmp\cmTC_f63d4.vcxproj]
C:\Program Files (x86)\Windows Kits\10\Include\10.0.19041.0\um\winber.h(248,45): error C2143: syntax error: missing ')' before '*' [C:\Project Harmony\curl\CMakeFiles\CMakeTmp\cmTC_f63d4.vcxproj]
C:\Program Files (x86)\Windows Kits\10\Include\10.0.19041.0\um\winber.h(248,45): error C2143: syntax error: missing '{' before '*' [C:\Project Harmony\curl\CMakeFiles\CMakeTmp\cmTC_f63d4.vcxproj]
C:\Program Files (x86)\Windows Kits\10\Include\10.0.19041.0\um\winber.h(248,64): error C2146: syntax error: missing ';' before identifier 'PSTR' [C:\Project Harmony\curl\CMakeFiles\CMakeTmp\cmTC_f63d4.vcxproj]
C:\Program Files (x86)\Windows Kits\10\Include\10.0.19041.0\um\winber.h(248,69): error C2061: syntax error: identifier 'fmt' [C:\Project Harmony\curl\CMakeFiles\CMakeTmp\cmTC_f63d4.vcxproj]
C:\Program Files (x86)\Windows Kits\10\Include\10.0.19041.0\um\winber.h(248,69): error C2059: syntax error: ';' [C:\Project Harmony\curl\CMakeFiles\CMakeTmp\cmTC_f63d4.vcxproj]
C:\Program Files (x86)\Windows Kits\10\Include\10.0.19041.0\um\winber.h(248,72): error C2059: syntax error: ',' [C:\Project Harmony\curl\CMakeFiles\CMakeTmp\cmTC_f63d4.vcxproj]
C:\Program Files (x86)\Windows Kits\10\Include\10.0.19041.0\um\winber.h(248,78): error C2059: syntax error: ')' [C:\Project Harmony\curl\CMakeFiles\CMakeTmp\cmTC_f63d4.vcxproj]
C:\Program Files (x86)\Windows Kits\10\Include\10.0.19041.0\um\winber.h(340,11): error C2061: syntax error: identifier 'ULONG' [C:\Project Harmony\curl\CMakeFiles\CMakeTmp\cmTC_f63d4.vcxproj]
C:\Program Files (x86)\Windows Kits\10\Include\10.0.19041.0\um\winber.h(340,11): error C2059: syntax error: ';' [C:\Project Harmony\curl\CMakeFiles\CMakeTmp\cmTC_f63d4.vcxproj]
C:\Program Files (x86)\Windows Kits\10\Include\10.0.19041.0\um\winber.h(340,46): error C2143: syntax error: missing ')' before '*' [C:\Project Harmony\curl\CMakeFiles\CMakeTmp\cmTC_f63d4.vcxproj]
C:\Program Files (x86)\Windows Kits\10\Include\10.0.19041.0\um\winber.h(340,46): error C2143: syntax error: missing '{' before '*' [C:\Project Harmony\curl\CMakeFiles\CMakeTmp\cmTC_f63d4.vcxproj]
C:\Program Files (x86)\Windows Kits\10\Include\10.0.19041.0\um\winber.h(340,65): error C2146: syntax error: missing ';' before identifier 'PSTR' [C:\Project Harmony\curl\CMakeFiles\CMakeTmp\cmTC_f63d4.vcxproj]
C:\Program Files (x86)\Windows Kits\10\Include\10.0.19041.0\um\winber.h(340,70): error C2061: syntax error: identifier 'fmt' [C:\Project Harmony\curl\CMakeFiles\CMakeTmp\cmTC_f63d4.vcxproj]
C:\Program Files (x86)\Windows Kits\10\Include\10.0.19041.0\um\winber.h(340,70): error C2059: syntax error: ';' [C:\Project Harmony\curl\CMakeFiles\CMakeTmp\cmTC_f63d4.vcxproj]
C:\Program Files (x86)\Windows Kits\10\Include\10.0.19041.0\um\winber.h(340,73): error C2059: syntax error: ',' [C:\Project Harmony\curl\CMakeFiles\CMakeTmp\cmTC_f63d4.vcxproj]
C:\Program Files (x86)\Windows Kits\10\Include\10.0.19041.0\um\winber.h(340,79): error C2059: syntax error: ')' [C:\Project Harmony\curl\CMakeFiles\CMakeTmp\cmTC_f63d4.vcxproj]


Source:
/* */
#include <winber.h>


int main(void){return 0;}

Determining if files ;ldap_ssl.h exist failed with the following output:
Change Dir: C:/Project Harmony/curl/CMakeFiles/CMakeTmp

Run Build Command(s):C:/Program Files (x86)/Microsoft Visual Studio/2019/Community/MSBuild/Current/Bin/MSBuild.exe cmTC_6705b.vcxproj /p:Configuration=Debug /p:Platform=x64 /p:VisualStudioVersion=16.0 /v:m && Microsoft (R) Build Engine version 16.11.2+f32259642 for .NET Framework
Copyright (C) Microsoft Corporation. All rights reserved.

  Microsoft (R) C/C++ Optimizing Compiler Version 19.29.30141 for x64
  Copyright (C) Microsoft Corporation.  All rights reserved.
  HAVE_LDAP_SSL_H.c
  cl /c /Zi /W1 /WX- /diagnostics:column /Od /Ob0 /D _MBCS /D WIN32 /D _WINDOWS /D _WIN32_WINNT=0x0600 /D _WINSOCKAPI_= /D "CMAKE_INTDIR=\"Debug\"" /Gm- /RTC1 /MDd /GS /fp:precise /Zc:wchar_t /Zc:forScope /Zc:inline /Fo"cmTC_6705b.dir\Debug\\" /Fd"cmTC_6705b.dir\Debug\vc142.pdb" /external:W1 /Gd /TC /errorReport:queue "C:\Project Harmony\curl\CMakeFiles\CheckIncludeFiles\HAVE_LDAP_SSL_H.c"
C:\Project Harmony\curl\CMakeFiles\CheckIncludeFiles\HAVE_LDAP_SSL_H.c(2,10): fatal error C1083: Cannot open include file: 'ldap_ssl.h': No such file or directory [C:\Project Harmony\curl\CMakeFiles\CMakeTmp\cmTC_6705b.vcxproj]


Source:
/* */
#include <ldap_ssl.h>


int main(void){return 0;}

Determining if files ;ldapssl.h exist failed with the following output:
Change Dir: C:/Project Harmony/curl/CMakeFiles/CMakeTmp

Run Build Command(s):C:/Program Files (x86)/Microsoft Visual Studio/2019/Community/MSBuild/Current/Bin/MSBuild.exe cmTC_aade1.vcxproj /p:Configuration=Debug /p:Platform=x64 /p:VisualStudioVersion=16.0 /v:m && Microsoft (R) Build Engine version 16.11.2+f32259642 for .NET Framework
Copyright (C) Microsoft Corporation. All rights reserved.

  Microsoft (R) C/C++ Optimizing Compiler Version 19.29.30141 for x64
  Copyright (C) Microsoft Corporation.  All rights reserved.
  HAVE_LDAPSSL_H.c
  cl /c /Zi /W1 /WX- /diagnostics:column /Od /Ob0 /D _MBCS /D WIN32 /D _WINDOWS /D _WIN32_WINNT=0x0600 /D _WINSOCKAPI_= /D "CMAKE_INTDIR=\"Debug\"" /Gm- /RTC1 /MDd /GS /fp:precise /Zc:wchar_t /Zc:forScope /Zc:inline /Fo"cmTC_aade1.dir\Debug\\" /Fd"cmTC_aade1.dir\Debug\vc142.pdb" /external:W1 /Gd /TC /errorReport:queue "C:\Project Harmony\curl\CMakeFiles\CheckIncludeFiles\HAVE_LDAPSSL_H.c"
C:\Project Harmony\curl\CMakeFiles\CheckIncludeFiles\HAVE_LDAPSSL_H.c(2,10): fatal error C1083: Cannot open include file: 'ldapssl.h': No such file or directory [C:\Project Harmony\curl\CMakeFiles\CMakeTmp\cmTC_aade1.vcxproj]


Source:
/* */
#include <ldapssl.h>


int main(void){return 0;}

Determining if files windows.h;ws2tcpip.h;winsock2.h;wincrypt.h;stdio.h;sys/filio.h exist failed with the following output:
Change Dir: C:/Project Harmony/curl/CMakeFiles/CMakeTmp

Run Build Command(s):C:/Program Files (x86)/Microsoft Visual Studio/2019/Community/MSBuild/Current/Bin/MSBuild.exe cmTC_49940.vcxproj /p:Configuration=Debug /p:Platform=x64 /p:VisualStudioVersion=16.0 /v:m && Microsoft (R) Build Engine version 16.11.2+f32259642 for .NET Framework
Copyright (C) Microsoft Corporation. All rights reserved.

  Microsoft (R) C/C++ Optimizing Compiler Version 19.29.30141 for x64
  Copyright (C) Microsoft Corporation.  All rights reserved.
  HAVE_SYS_FILIO_H.c
  cl /c /Zi /W1 /WX- /diagnostics:column /Od /Ob0 /D _MBCS /D WIN32 /D _WINDOWS /D _WIN32_WINNT=0x0600 /D _WINSOCKAPI_= /D "CMAKE_INTDIR=\"Debug\"" /Gm- /RTC1 /MDd /GS /fp:precise /Zc:wchar_t /Zc:forScope /Zc:inline /Fo"cmTC_49940.dir\Debug\\" /Fd"cmTC_49940.dir\Debug\vc142.pdb" /external:W1 /Gd /TC /errorReport:queue "C:\Project Harmony\curl\CMakeFiles\CheckIncludeFiles\HAVE_SYS_FILIO_H.c"
C:\Project Harmony\curl\CMakeFiles\CheckIncludeFiles\HAVE_SYS_FILIO_H.c(7,10): fatal error C1083: Cannot open include file: 'sys/filio.h': No such file or directory [C:\Project Harmony\curl\CMakeFiles\CMakeTmp\cmTC_49940.vcxproj]


Source:
/* */
#include <windows.h>
#include <ws2tcpip.h>
#include <winsock2.h>
#include <wincrypt.h>
#include <stdio.h>
#include <sys/filio.h>


int main(void){return 0;}

Determining if files windows.h;ws2tcpip.h;winsock2.h;wincrypt.h;stdio.h;sys/ioctl.h exist failed with the following output:
Change Dir: C:/Project Harmony/curl/CMakeFiles/CMakeTmp

Run Build Command(s):C:/Program Files (x86)/Microsoft Visual Studio/2019/Community/MSBuild/Current/Bin/MSBuild.exe cmTC_0051c.vcxproj /p:Configuration=Debug /p:Platform=x64 /p:VisualStudioVersion=16.0 /v:m && Microsoft (R) Build Engine version 16.11.2+f32259642 for .NET Framework
Copyright (C) Microsoft Corporation. All rights reserved.

  Microsoft (R) C/C++ Optimizing Compiler Version 19.29.30141 for x64
  Copyright (C) Microsoft Corporation.  All rights reserved.
  HAVE_SYS_IOCTL_H.c
  cl /c /Zi /W1 /WX- /diagnostics:column /Od /Ob0 /D _MBCS /D WIN32 /D _WINDOWS /D _WIN32_WINNT=0x0600 /D _WINSOCKAPI_= /D "CMAKE_INTDIR=\"Debug\"" /Gm- /RTC1 /MDd /GS /fp:precise /Zc:wchar_t /Zc:forScope /Zc:inline /Fo"cmTC_0051c.dir\Debug\\" /Fd"cmTC_0051c.dir\Debug\vc142.pdb" /external:W1 /Gd /TC /errorReport:queue "C:\Project Harmony\curl\CMakeFiles\CheckIncludeFiles\HAVE_SYS_IOCTL_H.c"
C:\Project Harmony\curl\CMakeFiles\CheckIncludeFiles\HAVE_SYS_IOCTL_H.c(7,10): fatal error C1083: Cannot open include file: 'sys/ioctl.h': No such file or directory [C:\Project Harmony\curl\CMakeFiles\CMakeTmp\cmTC_0051c.vcxproj]


Source:
/* */
#include <windows.h>
#include <ws2tcpip.h>
#include <winsock2.h>
#include <wincrypt.h>
#include <stdio.h>
#include <sys/ioctl.h>


int main(void){return 0;}

Determining if files windows.h;ws2tcpip.h;winsock2.h;wincrypt.h;stdio.h;sys/resource.h exist failed with the following output:
Change Dir: C:/Project Harmony/curl/CMakeFiles/CMakeTmp

Run Build Command(s):C:/Program Files (x86)/Microsoft Visual Studio/2019/Community/MSBuild/Current/Bin/MSBuild.exe cmTC_21f68.vcxproj /p:Configuration=Debug /p:Platform=x64 /p:VisualStudioVersion=16.0 /v:m && Microsoft (R) Build Engine version 16.11.2+f32259642 for .NET Framework
Copyright (C) Microsoft Corporation. All rights reserved.

  Microsoft (R) C/C++ Optimizing Compiler Version 19.29.30141 for x64
  Copyright (C) Microsoft Corporation.  All rights reserved.
  HAVE_SYS_RESOURCE_H.c
  cl /c /Zi /W1 /WX- /diagnostics:column /Od /Ob0 /D _MBCS /D WIN32 /D _WINDOWS /D _WIN32_WINNT=0x0600 /D _WINSOCKAPI_= /D "CMAKE_INTDIR=\"Debug\"" /Gm- /RTC1 /MDd /GS /fp:precise /Zc:wchar_t /Zc:forScope /Zc:inline /Fo"cmTC_21f68.dir\Debug\\" /Fd"cmTC_21f68.dir\Debug\vc142.pdb" /external:W1 /Gd /TC /errorReport:queue "C:\Project Harmony\curl\CMakeFiles\CheckIncludeFiles\HAVE_SYS_RESOURCE_H.c"
C:\Project Harmony\curl\CMakeFiles\CheckIncludeFiles\HAVE_SYS_RESOURCE_H.c(7,10): fatal error C1083: Cannot open include file: 'sys/resource.h': No such file or directory [C:\Project Harmony\curl\CMakeFiles\CMakeTmp\cmTC_21f68.vcxproj]


Source:
/* */
#include <windows.h>
#include <ws2tcpip.h>
#include <winsock2.h>
#include <wincrypt.h>
#include <stdio.h>
#include <sys/resource.h>


int main(void){return 0;}

Determining if files windows.h;ws2tcpip.h;winsock2.h;wincrypt.h;stdio.h;sys/stat.h;sys/types.h;sys/uio.h exist failed with the following output:
Change Dir: C:/Project Harmony/curl/CMakeFiles/CMakeTmp

Run Build Command(s):C:/Program Files (x86)/Microsoft Visual Studio/2019/Community/MSBuild/Current/Bin/MSBuild.exe cmTC_f5ed6.vcxproj /p:Configuration=Debug /p:Platform=x64 /p:VisualStudioVersion=16.0 /v:m && Microsoft (R) Build Engine version 16.11.2+f32259642 for .NET Framework
Copyright (C) Microsoft Corporation. All rights reserved.

  Microsoft (R) C/C++ Optimizing Compiler Version 19.29.30141 for x64
  Copyright (C) Microsoft Corporation.  All rights reserved.
  HAVE_SYS_UIO_H.c
  cl /c /Zi /W1 /WX- /diagnostics:column /Od /Ob0 /D _MBCS /D WIN32 /D _WINDOWS /D _WIN32_WINNT=0x0600 /D _WINSOCKAPI_= /D "CMAKE_INTDIR=\"Debug\"" /Gm- /RTC1 /MDd /GS /fp:precise /Zc:wchar_t /Zc:forScope /Zc:inline /Fo"cmTC_f5ed6.dir\Debug\\" /Fd"cmTC_f5ed6.dir\Debug\vc142.pdb" /external:W1 /Gd /TC /errorReport:queue "C:\Project Harmony\curl\CMakeFiles\CheckIncludeFiles\HAVE_SYS_UIO_H.c"
C:\Project Harmony\curl\CMakeFiles\CheckIncludeFiles\HAVE_SYS_UIO_H.c(9,10): fatal error C1083: Cannot open include file: 'sys/uio.h': No such file or directory [C:\Project Harmony\curl\CMakeFiles\CMakeTmp\cmTC_f5ed6.vcxproj]


Source:
/* */
#include <windows.h>
#include <ws2tcpip.h>
#include <winsock2.h>
#include <wincrypt.h>
#include <stdio.h>
#include <sys/stat.h>
#include <sys/types.h>
#include <sys/uio.h>


int main(void){return 0;}

Determining if files windows.h;ws2tcpip.h;winsock2.h;wincrypt.h;stdio.h;sys/stat.h;sys/types.h;sys/un.h exist failed with the following output:
Change Dir: C:/Project Harmony/curl/CMakeFiles/CMakeTmp

Run Build Command(s):C:/Program Files (x86)/Microsoft Visual Studio/2019/Community/MSBuild/Current/Bin/MSBuild.exe cmTC_0c10e.vcxproj /p:Configuration=Debug /p:Platform=x64 /p:VisualStudioVersion=16.0 /v:m && Microsoft (R) Build Engine version 16.11.2+f32259642 for .NET Framework
Copyright (C) Microsoft Corporation. All rights reserved.

  Microsoft (R) C/C++ Optimizing Compiler Version 19.29.30141 for x64
  Copyright (C) Microsoft Corporation.  All rights reserved.
  cl /c /Zi /W1 /WX- /diagnostics:column /Od /Ob0 /D _MBCS /D WIN32 /D _WINDOWS /D _WIN32_WINNT=0x0600 /D _WINSOCKAPI_= /D "CMAKE_INTDIR=\"Debug\"" /Gm- /RTC1 /MDd /GS /fp:precise /Zc:wchar_t /Zc:forScope /Zc:inline /Fo"cmTC_0c10e.dir\Debug\\" /Fd"cmTC_0c10e.dir\Debug\vc142.pdb" /external:W1 /Gd /TC /errorReport:queue "C:\Project Harmony\curl\CMakeFiles\CheckIncludeFiles\HAVE_SYS_UN_H.c"
  HAVE_SYS_UN_H.c
C:\Project Harmony\curl\CMakeFiles\CheckIncludeFiles\HAVE_SYS_UN_H.c(9,10): fatal error C1083: Cannot open include file: 'sys/un.h': No such file or directory [C:\Project Harmony\curl\CMakeFiles\CMakeTmp\cmTC_0c10e.vcxproj]


Source:
/* */
#include <windows.h>
#include <ws2tcpip.h>
#include <winsock2.h>
#include <wincrypt.h>
#include <stdio.h>
#include <sys/stat.h>
#include <sys/types.h>
#include <sys/un.h>


int main(void){return 0;}

Determining if files windows.h;ws2tcpip.h;winsock2.h;wincrypt.h;stdio.h;sys/stat.h;sys/types.h;sys/utime.h;sys/xattr.h exist failed with the following output:
Change Dir: C:/Project Harmony/curl/CMakeFiles/CMakeTmp

Run Build Command(s):C:/Program Files (x86)/Microsoft Visual Studio/2019/Community/MSBuild/Current/Bin/MSBuild.exe cmTC_ef4db.vcxproj /p:Configuration=Debug /p:Platform=x64 /p:VisualStudioVersion=16.0 /v:m && Microsoft (R) Build Engine version 16.11.2+f32259642 for .NET Framework
Copyright (C) Microsoft Corporation. All rights reserved.

  Microsoft (R) C/C++ Optimizing Compiler Version 19.29.30141 for x64
  Copyright (C) Microsoft Corporation.  All rights reserved.
  HAVE_SYS_XATTR_H.c
  cl /c /Zi /W1 /WX- /diagnostics:column /Od /Ob0 /D _MBCS /D WIN32 /D _WINDOWS /D _WIN32_WINNT=0x0600 /D _WINSOCKAPI_= /D "CMAKE_INTDIR=\"Debug\"" /Gm- /RTC1 /MDd /GS /fp:precise /Zc:wchar_t /Zc:forScope /Zc:inline /Fo"cmTC_ef4db.dir\Debug\\" /Fd"cmTC_ef4db.dir\Debug\vc142.pdb" /external:W1 /Gd /TC /errorReport:queue "C:\Project Harmony\curl\CMakeFiles\CheckIncludeFiles\HAVE_SYS_XATTR_H.c"
C:\Project Harmony\curl\CMakeFiles\CheckIncludeFiles\HAVE_SYS_XATTR_H.c(10,10): fatal error C1083: Cannot open include file: 'sys/xattr.h': No such file or directory [C:\Project Harmony\curl\CMakeFiles\CMakeTmp\cmTC_ef4db.vcxproj]


Source:
/* */
#include <windows.h>
#include <ws2tcpip.h>
#include <winsock2.h>
#include <wincrypt.h>
#include <stdio.h>
#include <sys/stat.h>
#include <sys/types.h>
#include <sys/utime.h>
#include <sys/xattr.h>


int main(void){return 0;}

Determining if files windows.h;ws2tcpip.h;winsock2.h;wincrypt.h;stdio.h;sys/stat.h;sys/types.h;sys/utime.h;arpa/tftp.h exist failed with the following output:
Change Dir: C:/Project Harmony/curl/CMakeFiles/CMakeTmp

Run Build Command(s):C:/Program Files (x86)/Microsoft Visual Studio/2019/Community/MSBuild/Current/Bin/MSBuild.exe cmTC_d929c.vcxproj /p:Configuration=Debug /p:Platform=x64 /p:VisualStudioVersion=16.0 /v:m && Microsoft (R) Build Engine version 16.11.2+f32259642 for .NET Framework
Copyright (C) Microsoft Corporation. All rights reserved.

  Microsoft (R) C/C++ Optimizing Compiler Version 19.29.30141 for x64
  Copyright (C) Microsoft Corporation.  All rights reserved.
  HAVE_ARPA_TFTP_H.c
  cl /c /Zi /W1 /WX- /diagnostics:column /Od /Ob0 /D _MBCS /D WIN32 /D _WINDOWS /D _WIN32_WINNT=0x0600 /D _WINSOCKAPI_= /D "CMAKE_INTDIR=\"Debug\"" /Gm- /RTC1 /MDd /GS /fp:precise /Zc:wchar_t /Zc:forScope /Zc:inline /Fo"cmTC_d929c.dir\Debug\\" /Fd"cmTC_d929c.dir\Debug\vc142.pdb" /external:W1 /Gd /TC /errorReport:queue "C:\Project Harmony\curl\CMakeFiles\CheckIncludeFiles\HAVE_ARPA_TFTP_H.c"
C:\Project Harmony\curl\CMakeFiles\CheckIncludeFiles\HAVE_ARPA_TFTP_H.c(10,10): fatal error C1083: Cannot open include file: 'arpa/tftp.h': No such file or directory [C:\Project Harmony\curl\CMakeFiles\CMakeTmp\cmTC_d929c.vcxproj]


Source:
/* */
#include <windows.h>
#include <ws2tcpip.h>
#include <winsock2.h>
#include <wincrypt.h>
#include <stdio.h>
#include <sys/stat.h>
#include <sys/types.h>
#include <sys/utime.h>
#include <arpa/tftp.h>


int main(void){return 0;}

Determining if files windows.h;ws2tcpip.h;winsock2.h;wincrypt.h;stdio.h;sys/stat.h;sys/types.h;sys/utime.h;assert.h;errno.h;fcntl.h;idn2.h exist failed with the following output:
Change Dir: C:/Project Harmony/curl/CMakeFiles/CMakeTmp

Run Build Command(s):C:/Program Files (x86)/Microsoft Visual Studio/2019/Community/MSBuild/Current/Bin/MSBuild.exe cmTC_5ecee.vcxproj /p:Configuration=Debug /p:Platform=x64 /p:VisualStudioVersion=16.0 /v:m && Microsoft (R) Build Engine version 16.11.2+f32259642 for .NET Framework
Copyright (C) Microsoft Corporation. All rights reserved.

  Microsoft (R) C/C++ Optimizing Compiler Version 19.29.30141 for x64
  Copyright (C) Microsoft Corporation.  All rights reserved.
  HAVE_IDN2_H.c
  cl /c /Zi /W1 /WX- /diagnostics:column /Od /Ob0 /D _MBCS /D WIN32 /D _WINDOWS /D _WIN32_WINNT=0x0600 /D _WINSOCKAPI_= /D "CMAKE_INTDIR=\"Debug\"" /Gm- /RTC1 /MDd /GS /fp:precise /Zc:wchar_t /Zc:forScope /Zc:inline /Fo"cmTC_5ecee.dir\Debug\\" /Fd"cmTC_5ecee.dir\Debug\vc142.pdb" /external:W1 /Gd /TC /errorReport:queue "C:\Project Harmony\curl\CMakeFiles\CheckIncludeFiles\HAVE_IDN2_H.c"
C:\Project Harmony\curl\CMakeFiles\CheckIncludeFiles\HAVE_IDN2_H.c(13,10): fatal error C1083: Cannot open include file: 'idn2.h': No such file or directory [C:\Project Harmony\curl\CMakeFiles\CMakeTmp\cmTC_5ecee.vcxproj]


Source:
/* */
#include <windows.h>
#include <ws2tcpip.h>
#include <winsock2.h>
#include <wincrypt.h>
#include <stdio.h>
#include <sys/stat.h>
#include <sys/types.h>
#include <sys/utime.h>
#include <assert.h>
#include <errno.h>
#include <fcntl.h>
#include <idn2.h>


int main(void){return 0;}

Determining if files windows.h;ws2tcpip.h;winsock2.h;wincrypt.h;stdio.h;sys/stat.h;sys/types.h;sys/utime.h;assert.h;errno.h;fcntl.h;ifaddrs.h exist failed with the following output:
Change Dir: C:/Project Harmony/curl/CMakeFiles/CMakeTmp

Run Build Command(s):C:/Program Files (x86)/Microsoft Visual Studio/2019/Community/MSBuild/Current/Bin/MSBuild.exe cmTC_b5db2.vcxproj /p:Configuration=Debug /p:Platform=x64 /p:VisualStudioVersion=16.0 /v:m && Microsoft (R) Build Engine version 16.11.2+f32259642 for .NET Framework
Copyright (C) Microsoft Corporation. All rights reserved.

  Microsoft (R) C/C++ Optimizing Compiler Version 19.29.30141 for x64
  Copyright (C) Microsoft Corporation.  All rights reserved.
  HAVE_IFADDRS_H.c
  cl /c /Zi /W1 /WX- /diagnostics:column /Od /Ob0 /D _MBCS /D WIN32 /D _WINDOWS /D _WIN32_WINNT=0x0600 /D _WINSOCKAPI_= /D "CMAKE_INTDIR=\"Debug\"" /Gm- /RTC1 /MDd /GS /fp:precise /Zc:wchar_t /Zc:forScope /Zc:inline /Fo"cmTC_b5db2.dir\Debug\\" /Fd"cmTC_b5db2.dir\Debug\vc142.pdb" /external:W1 /Gd /TC /errorReport:queue "C:\Project Harmony\curl\CMakeFiles\CheckIncludeFiles\HAVE_IFADDRS_H.c"
C:\Project Harmony\curl\CMakeFiles\CheckIncludeFiles\HAVE_IFADDRS_H.c(13,10): fatal error C1083: Cannot open include file: 'ifaddrs.h': No such file or directory [C:\Project Harmony\curl\CMakeFiles\CMakeTmp\cmTC_b5db2.vcxproj]


Source:
/* */
#include <windows.h>
#include <ws2tcpip.h>
#include <winsock2.h>
#include <wincrypt.h>
#include <stdio.h>
#include <sys/stat.h>
#include <sys/types.h>
#include <sys/utime.h>
#include <assert.h>
#include <errno.h>
#include <fcntl.h>
#include <ifaddrs.h>


int main(void){return 0;}

Determining if files windows.h;ws2tcpip.h;winsock2.h;wincrypt.h;stdio.h;sys/stat.h;sys/types.h;sys/utime.h;assert.h;errno.h;fcntl.h;io.h;krb.h exist failed with the following output:
Change Dir: C:/Project Harmony/curl/CMakeFiles/CMakeTmp

Run Build Command(s):C:/Program Files (x86)/Microsoft Visual Studio/2019/Community/MSBuild/Current/Bin/MSBuild.exe cmTC_3a664.vcxproj /p:Configuration=Debug /p:Platform=x64 /p:VisualStudioVersion=16.0 /v:m && Microsoft (R) Build Engine version 16.11.2+f32259642 for .NET Framework
Copyright (C) Microsoft Corporation. All rights reserved.

  Microsoft (R) C/C++ Optimizing Compiler Version 19.29.30141 for x64
  Copyright (C) Microsoft Corporation.  All rights reserved.
  HAVE_KRB_H.c
  cl /c /Zi /W1 /WX- /diagnostics:column /Od /Ob0 /D _MBCS /D WIN32 /D _WINDOWS /D _WIN32_WINNT=0x0600 /D _WINSOCKAPI_= /D "CMAKE_INTDIR=\"Debug\"" /Gm- /RTC1 /MDd /GS /fp:precise /Zc:wchar_t /Zc:forScope /Zc:inline /Fo"cmTC_3a664.dir\Debug\\" /Fd"cmTC_3a664.dir\Debug\vc142.pdb" /external:W1 /Gd /TC /errorReport:queue "C:\Project Harmony\curl\CMakeFiles\CheckIncludeFiles\HAVE_KRB_H.c"
C:\Project Harmony\curl\CMakeFiles\CheckIncludeFiles\HAVE_KRB_H.c(14,10): fatal error C1083: Cannot open include file: 'krb.h': No such file or directory [C:\Project Harmony\curl\CMakeFiles\CMakeTmp\cmTC_3a664.vcxproj]


Source:
/* */
#include <windows.h>
#include <ws2tcpip.h>
#include <winsock2.h>
#include <wincrypt.h>
#include <stdio.h>
#include <sys/stat.h>
#include <sys/types.h>
#include <sys/utime.h>
#include <assert.h>
#include <errno.h>
#include <fcntl.h>
#include <io.h>
#include <krb.h>


int main(void){return 0;}

Determining if files windows.h;ws2tcpip.h;winsock2.h;wincrypt.h;stdio.h;sys/stat.h;sys/types.h;sys/utime.h;assert.h;errno.h;fcntl.h;io.h;libgen.h exist failed with the following output:
Change Dir: C:/Project Harmony/curl/CMakeFiles/CMakeTmp

Run Build Command(s):C:/Program Files (x86)/Microsoft Visual Studio/2019/Community/MSBuild/Current/Bin/MSBuild.exe cmTC_d2890.vcxproj /p:Configuration=Debug /p:Platform=x64 /p:VisualStudioVersion=16.0 /v:m && Microsoft (R) Build Engine version 16.11.2+f32259642 for .NET Framework
Copyright (C) Microsoft Corporation. All rights reserved.

  Microsoft (R) C/C++ Optimizing Compiler Version 19.29.30141 for x64
  Copyright (C) Microsoft Corporation.  All rights reserved.
  HAVE_LIBGEN_H.c
  cl /c /Zi /W1 /WX- /diagnostics:column /Od /Ob0 /D _MBCS /D WIN32 /D _WINDOWS /D _WIN32_WINNT=0x0600 /D _WINSOCKAPI_= /D "CMAKE_INTDIR=\"Debug\"" /Gm- /RTC1 /MDd /GS /fp:precise /Zc:wchar_t /Zc:forScope /Zc:inline /Fo"cmTC_d2890.dir\Debug\\" /Fd"cmTC_d2890.dir\Debug\vc142.pdb" /external:W1 /Gd /TC /errorReport:queue "C:\Project Harmony\curl\CMakeFiles\CheckIncludeFiles\HAVE_LIBGEN_H.c"
C:\Project Harmony\curl\CMakeFiles\CheckIncludeFiles\HAVE_LIBGEN_H.c(14,10): fatal error C1083: Cannot open include file: 'libgen.h': No such file or directory [C:\Project Harmony\curl\CMakeFiles\CMakeTmp\cmTC_d2890.vcxproj]


Source:
/* */
#include <windows.h>
#include <ws2tcpip.h>
#include <winsock2.h>
#include <wincrypt.h>
#include <stdio.h>
#include <sys/stat.h>
#include <sys/types.h>
#include <sys/utime.h>
#include <assert.h>
#include <errno.h>
#include <fcntl.h>
#include <io.h>
#include <libgen.h>


int main(void){return 0;}

Determining if files windows.h;ws2tcpip.h;winsock2.h;wincrypt.h;stdio.h;sys/stat.h;sys/types.h;sys/utime.h;assert.h;errno.h;fcntl.h;io.h;locale.h;netinet/tcp.h exist failed with the following output:
Change Dir: C:/Project Harmony/curl/CMakeFiles/CMakeTmp

Run Build Command(s):C:/Program Files (x86)/Microsoft Visual Studio/2019/Community/MSBuild/Current/Bin/MSBuild.exe cmTC_7b80a.vcxproj /p:Configuration=Debug /p:Platform=x64 /p:VisualStudioVersion=16.0 /v:m && Microsoft (R) Build Engine version 16.11.2+f32259642 for .NET Framework
Copyright (C) Microsoft Corporation. All rights reserved.

  Microsoft (R) C/C++ Optimizing Compiler Version 19.29.30141 for x64
  Copyright (C) Microsoft Corporation.  All rights reserved.
  HAVE_NETINET_TCP_H.c
  cl /c /Zi /W1 /WX- /diagnostics:column /Od /Ob0 /D _MBCS /D WIN32 /D _WINDOWS /D _WIN32_WINNT=0x0600 /D _WINSOCKAPI_= /D "CMAKE_INTDIR=\"Debug\"" /Gm- /RTC1 /MDd /GS /fp:precise /Zc:wchar_t /Zc:forScope /Zc:inline /Fo"cmTC_7b80a.dir\Debug\\" /Fd"cmTC_7b80a.dir\Debug\vc142.pdb" /external:W1 /Gd /TC /errorReport:queue "C:\Project Harmony\curl\CMakeFiles\CheckIncludeFiles\HAVE_NETINET_TCP_H.c"
C:\Project Harmony\curl\CMakeFiles\CheckIncludeFiles\HAVE_NETINET_TCP_H.c(15,10): fatal error C1083: Cannot open include file: 'netinet/tcp.h': No such file or directory [C:\Project Harmony\curl\CMakeFiles\CMakeTmp\cmTC_7b80a.vcxproj]


Source:
/* */
#include <windows.h>
#include <ws2tcpip.h>
#include <winsock2.h>
#include <wincrypt.h>
#include <stdio.h>
#include <sys/stat.h>
#include <sys/types.h>
#include <sys/utime.h>
#include <assert.h>
#include <errno.h>
#include <fcntl.h>
#include <io.h>
#include <locale.h>
#include <netinet/tcp.h>


int main(void){return 0;}

Determining if the include file linux/tcp.h exists failed with the following output:
Change Dir: C:/Project Harmony/curl/CMakeFiles/CMakeTmp

Run Build Command(s):C:/Program Files (x86)/Microsoft Visual Studio/2019/Community/MSBuild/Current/Bin/MSBuild.exe cmTC_35463.vcxproj /p:Configuration=Debug /p:Platform=x64 /p:VisualStudioVersion=16.0 /v:m && Microsoft (R) Build Engine version 16.11.2+f32259642 for .NET Framework
Copyright (C) Microsoft Corporation. All rights reserved.

  Microsoft (R) C/C++ Optimizing Compiler Version 19.29.30141 for x64
  Copyright (C) Microsoft Corporation.  All rights reserved.
  CheckIncludeFile.c
C:\Project Harmony\curl\CMakeFiles\CMakeTmp\CheckIncludeFile.c(1,10): fatal error C1083: Cannot open include file: 'linux/tcp.h': No such file or directory [C:\Project Harmony\curl\CMakeFiles\CMakeTmp\cmTC_35463.vcxproj]
  cl /c /Zi /W1 /WX- /diagnostics:column /Od /Ob0 /D _MBCS /D WIN32 /D _WINDOWS /D _WIN32_WINNT=0x0600 /D _WINSOCKAPI_= /D "CMAKE_INTDIR=\"Debug\"" /Gm- /RTC1 /MDd /GS /fp:precise /Zc:wchar_t /Zc:forScope /Zc:inline /Fo"cmTC_35463.dir\Debug\\" /Fd"cmTC_35463.dir\Debug\vc142.pdb" /external:W1 /Gd /TC /errorReport:queue "C:\Project Harmony\curl\CMakeFiles\CMakeTmp\CheckIncludeFile.c"



Determining if files windows.h;ws2tcpip.h;winsock2.h;wincrypt.h;stdio.h;sys/stat.h;sys/types.h;sys/utime.h;assert.h;errno.h;fcntl.h;io.h;locale.h;pem.h exist failed with the following output:
Change Dir: C:/Project Harmony/curl/CMakeFiles/CMakeTmp

Run Build Command(s):C:/Program Files (x86)/Microsoft Visual Studio/2019/Community/MSBuild/Current/Bin/MSBuild.exe cmTC_0aa26.vcxproj /p:Configuration=Debug /p:Platform=x64 /p:VisualStudioVersion=16.0 /v:m && Microsoft (R) Build Engine version 16.11.2+f32259642 for .NET Framework
Copyright (C) Microsoft Corporation. All rights reserved.

  Microsoft (R) C/C++ Optimizing Compiler Version 19.29.30141 for x64
  Copyright (C) Microsoft Corporation.  All rights reserved.
  HAVE_PEM_H.c
  cl /c /Zi /W1 /WX- /diagnostics:column /Od /Ob0 /D _MBCS /D WIN32 /D _WINDOWS /D _WIN32_WINNT=0x0600 /D _WINSOCKAPI_= /D "CMAKE_INTDIR=\"Debug\"" /Gm- /RTC1 /MDd /GS /fp:precise /Zc:wchar_t /Zc:forScope /Zc:inline /Fo"cmTC_0aa26.dir\Debug\\" /Fd"cmTC_0aa26.dir\Debug\vc142.pdb" /external:W1 /Gd /TC /errorReport:queue "C:\Project Harmony\curl\CMakeFiles\CheckIncludeFiles\HAVE_PEM_H.c"
C:\Project Harmony\curl\CMakeFiles\CheckIncludeFiles\HAVE_PEM_H.c(15,10): fatal error C1083: Cannot open include file: 'pem.h': No such file or directory [C:\Project Harmony\curl\CMakeFiles\CMakeTmp\cmTC_0aa26.vcxproj]


Source:
/* */
#include <windows.h>
#include <ws2tcpip.h>
#include <winsock2.h>
#include <wincrypt.h>
#include <stdio.h>
#include <sys/stat.h>
#include <sys/types.h>
#include <sys/utime.h>
#include <assert.h>
#include <errno.h>
#include <fcntl.h>
#include <io.h>
#include <locale.h>
#include <pem.h>


int main(void){return 0;}

Determining if files windows.h;ws2tcpip.h;winsock2.h;wincrypt.h;stdio.h;sys/stat.h;sys/types.h;sys/utime.h;assert.h;errno.h;fcntl.h;io.h;locale.h;poll.h exist failed with the following output:
Change Dir: C:/Project Harmony/curl/CMakeFiles/CMakeTmp

Run Build Command(s):C:/Program Files (x86)/Microsoft Visual Studio/2019/Community/MSBuild/Current/Bin/MSBuild.exe cmTC_1f816.vcxproj /p:Configuration=Debug /p:Platform=x64 /p:VisualStudioVersion=16.0 /v:m && Microsoft (R) Build Engine version 16.11.2+f32259642 for .NET Framework
Copyright (C) Microsoft Corporation. All rights reserved.

  Microsoft (R) C/C++ Optimizing Compiler Version 19.29.30141 for x64
  Copyright (C) Microsoft Corporation.  All rights reserved.
  HAVE_POLL_H.c
  cl /c /Zi /W1 /WX- /diagnostics:column /Od /Ob0 /D _MBCS /D WIN32 /D _WINDOWS /D _WIN32_WINNT=0x0600 /D _WINSOCKAPI_= /D "CMAKE_INTDIR=\"Debug\"" /Gm- /RTC1 /MDd /GS /fp:precise /Zc:wchar_t /Zc:forScope /Zc:inline /Fo"cmTC_1f816.dir\Debug\\" /Fd"cmTC_1f816.dir\Debug\vc142.pdb" /external:W1 /Gd /TC /errorReport:queue "C:\Project Harmony\curl\CMakeFiles\CheckIncludeFiles\HAVE_POLL_H.c"
C:\Project Harmony\curl\CMakeFiles\CheckIncludeFiles\HAVE_POLL_H.c(15,10): fatal error C1083: Cannot open include file: 'poll.h': No such file or directory [C:\Project Harmony\curl\CMakeFiles\CMakeTmp\cmTC_1f816.vcxproj]


Source:
/* */
#include <windows.h>
#include <ws2tcpip.h>
#include <winsock2.h>
#include <wincrypt.h>
#include <stdio.h>
#include <sys/stat.h>
#include <sys/types.h>
#include <sys/utime.h>
#include <assert.h>
#include <errno.h>
#include <fcntl.h>
#include <io.h>
#include <locale.h>
#include <poll.h>


int main(void){return 0;}

Determining if files windows.h;ws2tcpip.h;winsock2.h;wincrypt.h;stdio.h;sys/stat.h;sys/types.h;sys/utime.h;assert.h;errno.h;fcntl.h;io.h;locale.h;setjmp.h;signal.h;ssl.h exist failed with the following output:
Change Dir: C:/Project Harmony/curl/CMakeFiles/CMakeTmp

Run Build Command(s):C:/Program Files (x86)/Microsoft Visual Studio/2019/Community/MSBuild/Current/Bin/MSBuild.exe cmTC_7a6f5.vcxproj /p:Configuration=Debug /p:Platform=x64 /p:VisualStudioVersion=16.0 /v:m && Microsoft (R) Build Engine version 16.11.2+f32259642 for .NET Framework
Copyright (C) Microsoft Corporation. All rights reserved.

  Microsoft (R) C/C++ Optimizing Compiler Version 19.29.30141 for x64
  Copyright (C) Microsoft Corporation.  All rights reserved.
  HAVE_SSL_H.c
  cl /c /Zi /W1 /WX- /diagnostics:column /Od /Ob0 /D _MBCS /D WIN32 /D _WINDOWS /D _WIN32_WINNT=0x0600 /D _WINSOCKAPI_= /D "CMAKE_INTDIR=\"Debug\"" /Gm- /RTC1 /MDd /GS /fp:precise /Zc:wchar_t /Zc:forScope /Zc:inline /Fo"cmTC_7a6f5.dir\Debug\\" /Fd"cmTC_7a6f5.dir\Debug\vc142.pdb" /external:W1 /Gd /TC /errorReport:queue "C:\Project Harmony\curl\CMakeFiles\CheckIncludeFiles\HAVE_SSL_H.c"
C:\Project Harmony\curl\CMakeFiles\CheckIncludeFiles\HAVE_SSL_H.c(17,10): fatal error C1083: Cannot open include file: 'ssl.h': No such file or directory [C:\Project Harmony\curl\CMakeFiles\CMakeTmp\cmTC_7a6f5.vcxproj]


Source:
/* */
#include <windows.h>
#include <ws2tcpip.h>
#include <winsock2.h>
#include <wincrypt.h>
#include <stdio.h>
#include <sys/stat.h>
#include <sys/types.h>
#include <sys/utime.h>
#include <assert.h>
#include <errno.h>
#include <fcntl.h>
#include <io.h>
#include <locale.h>
#include <setjmp.h>
#include <signal.h>
#include <ssl.h>


int main(void){return 0;}

Determining if files windows.h;ws2tcpip.h;winsock2.h;wincrypt.h;stdio.h;sys/stat.h;sys/types.h;sys/utime.h;assert.h;errno.h;fcntl.h;io.h;locale.h;setjmp.h;signal.h;stdbool.h;stdio.h;stdlib.h;string.h;stropts.h exist failed with the following output:
Change Dir: C:/Project Harmony/curl/CMakeFiles/CMakeTmp

Run Build Command(s):C:/Program Files (x86)/Microsoft Visual Studio/2019/Community/MSBuild/Current/Bin/MSBuild.exe cmTC_50b66.vcxproj /p:Configuration=Debug /p:Platform=x64 /p:VisualStudioVersion=16.0 /v:m && Microsoft (R) Build Engine version 16.11.2+f32259642 for .NET Framework
Copyright (C) Microsoft Corporation. All rights reserved.

  Microsoft (R) C/C++ Optimizing Compiler Version 19.29.30141 for x64
  Copyright (C) Microsoft Corporation.  All rights reserved.
  HAVE_STROPTS_H.c
  cl /c /Zi /W1 /WX- /diagnostics:column /Od /Ob0 /D _MBCS /D WIN32 /D _WINDOWS /D _WIN32_WINNT=0x0600 /D _WINSOCKAPI_= /D "CMAKE_INTDIR=\"Debug\"" /Gm- /RTC1 /MDd /GS /fp:precise /Zc:wchar_t /Zc:forScope /Zc:inline /Fo"cmTC_50b66.dir\Debug\\" /Fd"cmTC_50b66.dir\Debug\vc142.pdb" /external:W1 /Gd /TC /errorReport:queue "C:\Project Harmony\curl\CMakeFiles\CheckIncludeFiles\HAVE_STROPTS_H.c"
C:\Project Harmony\curl\CMakeFiles\CheckIncludeFiles\HAVE_STROPTS_H.c(21,10): fatal error C1083: Cannot open include file: 'stropts.h': No such file or directory [C:\Project Harmony\curl\CMakeFiles\CMakeTmp\cmTC_50b66.vcxproj]


Source:
/* */
#include <windows.h>
#include <ws2tcpip.h>
#include <winsock2.h>
#include <wincrypt.h>
#include <stdio.h>
#include <sys/stat.h>
#include <sys/types.h>
#include <sys/utime.h>
#include <assert.h>
#include <errno.h>
#include <fcntl.h>
#include <io.h>
#include <locale.h>
#include <setjmp.h>
#include <signal.h>
#include <stdbool.h>
#include <stdio.h>
#include <stdlib.h>
#include <string.h>
#include <stropts.h>


int main(void){return 0;}

Determining if files windows.h;ws2tcpip.h;winsock2.h;wincrypt.h;stdio.h;sys/stat.h;sys/types.h;sys/utime.h;assert.h;errno.h;fcntl.h;io.h;locale.h;setjmp.h;signal.h;stdbool.h;stdio.h;stdlib.h;string.h;time.h;process.h;stddef.h;malloc.h;memory.h;sys/utsname.h exist failed with the following output:
Change Dir: C:/Project Harmony/curl/CMakeFiles/CMakeTmp

Run Build Command(s):C:/Program Files (x86)/Microsoft Visual Studio/2019/Community/MSBuild/Current/Bin/MSBuild.exe cmTC_93008.vcxproj /p:Configuration=Debug /p:Platform=x64 /p:VisualStudioVersion=16.0 /v:m && Microsoft (R) Build Engine version 16.11.2+f32259642 for .NET Framework
Copyright (C) Microsoft Corporation. All rights reserved.

  Microsoft (R) C/C++ Optimizing Compiler Version 19.29.30141 for x64
  Copyright (C) Microsoft Corporation.  All rights reserved.
  HAVE_SYS_UTSNAME_H.c
  cl /c /Zi /W1 /WX- /diagnostics:column /Od /Ob0 /D _MBCS /D WIN32 /D _WINDOWS /D _WIN32_WINNT=0x0600 /D _WINSOCKAPI_= /D "CMAKE_INTDIR=\"Debug\"" /Gm- /RTC1 /MDd /GS /fp:precise /Zc:wchar_t /Zc:forScope /Zc:inline /Fo"cmTC_93008.dir\Debug\\" /Fd"cmTC_93008.dir\Debug\vc142.pdb" /external:W1 /Gd /TC /errorReport:queue "C:\Project Harmony\curl\CMakeFiles\CheckIncludeFiles\HAVE_SYS_UTSNAME_H.c"
C:\Project Harmony\curl\CMakeFiles\CheckIncludeFiles\HAVE_SYS_UTSNAME_H.c(26,10): fatal error C1083: Cannot open include file: 'sys/utsname.h': No such file or directory [C:\Project Harmony\curl\CMakeFiles\CMakeTmp\cmTC_93008.vcxproj]


Source:
/* */
#include <windows.h>
#include <ws2tcpip.h>
#include <winsock2.h>
#include <wincrypt.h>
#include <stdio.h>
#include <sys/stat.h>
#include <sys/types.h>
#include <sys/utime.h>
#include <assert.h>
#include <errno.h>
#include <fcntl.h>
#include <io.h>
#include <locale.h>
#include <setjmp.h>
#include <signal.h>
#include <stdbool.h>
#include <stdio.h>
#include <stdlib.h>
#include <string.h>
#include <time.h>
#include <process.h>
#include <stddef.h>
#include <malloc.h>
#include <memory.h>
#include <sys/utsname.h>


int main(void){return 0;}

Determining size of ssize_t failed with the following output:
Change Dir: C:/Project Harmony/curl/CMakeFiles/CMakeTmp

Run Build Command(s):C:/Program Files (x86)/Microsoft Visual Studio/2019/Community/MSBuild/Current/Bin/MSBuild.exe cmTC_a5927.vcxproj /p:Configuration=Debug /p:Platform=x64 /p:VisualStudioVersion=16.0 /v:m && Microsoft (R) Build Engine version 16.11.2+f32259642 for .NET Framework
Copyright (C) Microsoft Corporation. All rights reserved.

  Microsoft (R) C/C++ Optimizing Compiler Version 19.29.30141 for x64
  Copyright (C) Microsoft Corporation.  All rights reserved.
  SIZEOF_SSIZE_T.c
  cl /c /Zi /W1 /WX- /diagnostics:column /Od /Ob0 /D _MBCS /D WIN32 /D _WINDOWS /D _WIN32_WINNT=0x0600 /D _WINSOCKAPI_= /D "CMAKE_INTDIR=\"Debug\"" /Gm- /RTC1 /MDd /GS /fp:precise /Zc:wchar_t /Zc:forScope /Zc:inline /Fo"cmTC_a5927.dir\Debug\\" /Fd"cmTC_a5927.dir\Debug\vc142.pdb" /external:W1 /Gd /TC /errorReport:queue "C:\Project Harmony\curl\CMakeFiles\CheckTypeSize\SIZEOF_SSIZE_T.c"
C:\Project Harmony\curl\CMakeFiles\CheckTypeSize\SIZEOF_SSIZE_T.c(28,12): error C2065: 'ssize_t': undeclared identifier [C:\Project Harmony\curl\CMakeFiles\CMakeTmp\cmTC_a5927.vcxproj]
C:\Project Harmony\curl\CMakeFiles\CheckTypeSize\SIZEOF_SSIZE_T.c(29,12): error C2065: 'ssize_t': undeclared identifier [C:\Project Harmony\curl\CMakeFiles\CMakeTmp\cmTC_a5927.vcxproj]
C:\Project Harmony\curl\CMakeFiles\CheckTypeSize\SIZEOF_SSIZE_T.c(30,12): error C2065: 'ssize_t': undeclared identifier [C:\Project Harmony\curl\CMakeFiles\CMakeTmp\cmTC_a5927.vcxproj]
C:\Project Harmony\curl\CMakeFiles\CheckTypeSize\SIZEOF_SSIZE_T.c(31,12): error C2065: 'ssize_t': undeclared identifier [C:\Project Harmony\curl\CMakeFiles\CMakeTmp\cmTC_a5927.vcxproj]
C:\Project Harmony\curl\CMakeFiles\CheckTypeSize\SIZEOF_SSIZE_T.c(32,12): error C2065: 'ssize_t': undeclared identifier [C:\Project Harmony\curl\CMakeFiles\CMakeTmp\cmTC_a5927.vcxproj]


C:/Project Harmony/curl/CMakeFiles/CheckTypeSize/SIZEOF_SSIZE_T.c:
#include <sys/types.h>
#include <stddef.h>


#undef KEY
#if defined(__i386)
# define KEY '_','_','i','3','8','6'
#elif defined(__x86_64)
# define KEY '_','_','x','8','6','_','6','4'
#elif defined(__PPC64__)
# define KEY '_','_','P','P','C','6','4','_','_'
#elif defined(__ppc64__)
# define KEY '_','_','p','p','c','6','4','_','_'
#elif defined(__PPC__)
# define KEY '_','_','P','P','C','_','_'
#elif defined(__ppc__)
# define KEY '_','_','p','p','c','_','_'
#elif defined(__aarch64__)
# define KEY '_','_','a','a','r','c','h','6','4','_','_'
#elif defined(__ARM_ARCH_7A__)
# define KEY '_','_','A','R','M','_','A','R','C','H','_','7','A','_','_'
#elif defined(__ARM_ARCH_7S__)
# define KEY '_','_','A','R','M','_','A','R','C','H','_','7','S','_','_'
#endif

#define SIZE (sizeof(ssize_t))
static char info_size[] =  {'I', 'N', 'F', 'O', ':', 's','i','z','e','[',
  ('0' + ((SIZE / 10000)%10)),
  ('0' + ((SIZE / 1000)%10)),
  ('0' + ((SIZE / 100)%10)),
  ('0' + ((SIZE / 10)%10)),
  ('0' +  (SIZE    % 10)),
  ']',
#ifdef KEY
  ' ','k','e','y','[', KEY, ']',
#endif
  '\0'};

#ifdef __CLASSIC_C__
int main(argc, argv) int argc; char *argv[];
#else
int main(int argc, char *argv[])
#endif
{
  int require = 0;
  require += info_size[argc];
  (void)argv;
  return require;
}


Determining if the basename exist failed with the following output:
Change Dir: C:/Project Harmony/curl/CMakeFiles/CMakeTmp

Run Build Command(s):C:/Program Files (x86)/Microsoft Visual Studio/2019/Community/MSBuild/Current/Bin/MSBuild.exe cmTC_de082.vcxproj /p:Configuration=Debug /p:Platform=x64 /p:VisualStudioVersion=16.0 /v:m && Microsoft (R) Build Engine version 16.11.2+f32259642 for .NET Framework
Copyright (C) Microsoft Corporation. All rights reserved.

  Microsoft (R) C/C++ Optimizing Compiler Version 19.29.30141 for x64
  Copyright (C) Microsoft Corporation.  All rights reserved.
  CheckSymbolExists.c
  cl /c /Zi /W1 /WX- /diagnostics:column /Od /Ob0 /D _MBCS /D WIN32 /D _WINDOWS /D _WIN32_WINNT=0x0600 /D _WINSOCKAPI_= /D "CMAKE_INTDIR=\"Debug\"" /Gm- /RTC1 /MDd /GS /fp:precise /Zc:wchar_t /Zc:forScope /Zc:inline /Fo"cmTC_de082.dir\Debug\\" /Fd"cmTC_de082.dir\Debug\vc142.pdb" /external:W1 /Gd /TC /errorReport:queue "C:\Project Harmony\curl\CMakeFiles\CMakeTmp\CheckSymbolExists.c"
C:\Project Harmony\curl\CMakeFiles\CMakeTmp\CheckSymbolExists.c(31,27): error C2065: 'basename': undeclared identifier [C:\Project Harmony\curl\CMakeFiles\CMakeTmp\cmTC_de082.vcxproj]


File C:/Project Harmony/curl/CMakeFiles/CMakeTmp/CheckSymbolExists.c:
/* */
#include <windows.h>
#include <ws2tcpip.h>
#include <winsock2.h>
#include <wincrypt.h>
#include <stdio.h>
#include <sys/stat.h>
#include <sys/types.h>
#include <sys/utime.h>
#include <assert.h>
#include <errno.h>
#include <fcntl.h>
#include <io.h>
#include <locale.h>
#include <setjmp.h>
#include <signal.h>
#include <stdbool.h>
#include <stdio.h>
#include <stdlib.h>
#include <string.h>
#include <time.h>
#include <process.h>
#include <stddef.h>
#include <malloc.h>
#include <memory.h>

int main(int argc, char** argv)
{
  (void)argv;
#ifndef basename
  return ((int*)(&basename))[argc];
#else
  (void)argc;
  return 0;
#endif
}
Determining if the strncmpi exist failed with the following output:
Change Dir: C:/Project Harmony/curl/CMakeFiles/CMakeTmp

Run Build Command(s):C:/Program Files (x86)/Microsoft Visual Studio/2019/Community/MSBuild/Current/Bin/MSBuild.exe cmTC_fbe5a.vcxproj /p:Configuration=Debug /p:Platform=x64 /p:VisualStudioVersion=16.0 /v:m && Microsoft (R) Build Engine version 16.11.2+f32259642 for .NET Framework
Copyright (C) Microsoft Corporation. All rights reserved.

  Microsoft (R) C/C++ Optimizing Compiler Version 19.29.30141 for x64
  Copyright (C) Microsoft Corporation.  All rights reserved.
  CheckSymbolExists.c
  cl /c /Zi /W1 /WX- /diagnostics:column /Od /Ob0 /D _MBCS /D WIN32 /D _WINDOWS /D _WIN32_WINNT=0x0600 /D _WINSOCKAPI_= /D "CMAKE_INTDIR=\"Debug\"" /Gm- /RTC1 /MDd /GS /fp:precise /Zc:wchar_t /Zc:forScope /Zc:inline /Fo"cmTC_fbe5a.dir\Debug\\" /Fd"cmTC_fbe5a.dir\Debug\vc142.pdb" /external:W1 /Gd /TC /errorReport:queue "C:\Project Harmony\curl\CMakeFiles\CMakeTmp\CheckSymbolExists.c"
C:\Project Harmony\curl\CMakeFiles\CMakeTmp\CheckSymbolExists.c(31,27): error C2065: 'strncmpi': undeclared identifier [C:\Project Harmony\curl\CMakeFiles\CMakeTmp\cmTC_fbe5a.vcxproj]


File C:/Project Harmony/curl/CMakeFiles/CMakeTmp/CheckSymbolExists.c:
/* */
#include <windows.h>
#include <ws2tcpip.h>
#include <winsock2.h>
#include <wincrypt.h>
#include <stdio.h>
#include <sys/stat.h>
#include <sys/types.h>
#include <sys/utime.h>
#include <assert.h>
#include <errno.h>
#include <fcntl.h>
#include <io.h>
#include <locale.h>
#include <setjmp.h>
#include <signal.h>
#include <stdbool.h>
#include <stdio.h>
#include <stdlib.h>
#include <string.h>
#include <time.h>
#include <process.h>
#include <stddef.h>
#include <malloc.h>
#include <memory.h>

int main(int argc, char** argv)
{
  (void)argv;
#ifndef strncmpi
  return ((int*)(&strncmpi))[argc];
#else
  (void)argc;
  return 0;
#endif
}
Determining if the alarm exist failed with the following output:
Change Dir: C:/Project Harmony/curl/CMakeFiles/CMakeTmp

Run Build Command(s):C:/Program Files (x86)/Microsoft Visual Studio/2019/Community/MSBuild/Current/Bin/MSBuild.exe cmTC_26803.vcxproj /p:Configuration=Debug /p:Platform=x64 /p:VisualStudioVersion=16.0 /v:m && Microsoft (R) Build Engine version 16.11.2+f32259642 for .NET Framework
Copyright (C) Microsoft Corporation. All rights reserved.

  Microsoft (R) C/C++ Optimizing Compiler Version 19.29.30141 for x64
  Copyright (C) Microsoft Corporation.  All rights reserved.
  CheckSymbolExists.c
  cl /c /Zi /W1 /WX- /diagnostics:column /Od /Ob0 /D _MBCS /D WIN32 /D _WINDOWS /D _WIN32_WINNT=0x0600 /D _WINSOCKAPI_= /D "CMAKE_INTDIR=\"Debug\"" /Gm- /RTC1 /MDd /GS /fp:precise /Zc:wchar_t /Zc:forScope /Zc:inline /Fo"cmTC_26803.dir\Debug\\" /Fd"cmTC_26803.dir\Debug\vc142.pdb" /external:W1 /Gd /TC /errorReport:queue "C:\Project Harmony\curl\CMakeFiles\CMakeTmp\CheckSymbolExists.c"
C:\Project Harmony\curl\CMakeFiles\CMakeTmp\CheckSymbolExists.c(31,24): error C2065: 'alarm': undeclared identifier [C:\Project Harmony\curl\CMakeFiles\CMakeTmp\cmTC_26803.vcxproj]


File C:/Project Harmony/curl/CMakeFiles/CMakeTmp/CheckSymbolExists.c:
/* */
#include <windows.h>
#include <ws2tcpip.h>
#include <winsock2.h>
#include <wincrypt.h>
#include <stdio.h>
#include <sys/stat.h>
#include <sys/types.h>
#include <sys/utime.h>
#include <assert.h>
#include <errno.h>
#include <fcntl.h>
#include <io.h>
#include <locale.h>
#include <setjmp.h>
#include <signal.h>
#include <stdbool.h>
#include <stdio.h>
#include <stdlib.h>
#include <string.h>
#include <time.h>
#include <process.h>
#include <stddef.h>
#include <malloc.h>
#include <memory.h>

int main(int argc, char** argv)
{
  (void)argv;
#ifndef alarm
  return ((int*)(&alarm))[argc];
#else
  (void)argc;
  return 0;
#endif
}
Determining if the getppid exist failed with the following output:
Change Dir: C:/Project Harmony/curl/CMakeFiles/CMakeTmp

Run Build Command(s):C:/Program Files (x86)/Microsoft Visual Studio/2019/Community/MSBuild/Current/Bin/MSBuild.exe cmTC_d3809.vcxproj /p:Configuration=Debug /p:Platform=x64 /p:VisualStudioVersion=16.0 /v:m && Microsoft (R) Build Engine version 16.11.2+f32259642 for .NET Framework
Copyright (C) Microsoft Corporation. All rights reserved.

  Microsoft (R) C/C++ Optimizing Compiler Version 19.29.30141 for x64
  Copyright (C) Microsoft Corporation.  All rights reserved.
  CheckSymbolExists.c
  cl /c /Zi /W1 /WX- /diagnostics:column /Od /Ob0 /D _MBCS /D WIN32 /D _WINDOWS /D _WIN32_WINNT=0x0600 /D _WINSOCKAPI_= /D "CMAKE_INTDIR=\"Debug\"" /Gm- /RTC1 /MDd /GS /fp:precise /Zc:wchar_t /Zc:forScope /Zc:inline /Fo"cmTC_d3809.dir\Debug\\" /Fd"cmTC_d3809.dir\Debug\vc142.pdb" /external:W1 /Gd /TC /errorReport:queue "C:\Project Harmony\curl\CMakeFiles\CMakeTmp\CheckSymbolExists.c"
C:\Project Harmony\curl\CMakeFiles\CMakeTmp\CheckSymbolExists.c(31,26): error C2065: 'getppid': undeclared identifier [C:\Project Harmony\curl\CMakeFiles\CMakeTmp\cmTC_d3809.vcxproj]


File C:/Project Harmony/curl/CMakeFiles/CMakeTmp/CheckSymbolExists.c:
/* */
#include <windows.h>
#include <ws2tcpip.h>
#include <winsock2.h>
#include <wincrypt.h>
#include <stdio.h>
#include <sys/stat.h>
#include <sys/types.h>
#include <sys/utime.h>
#include <assert.h>
#include <errno.h>
#include <fcntl.h>
#include <io.h>
#include <locale.h>
#include <setjmp.h>
#include <signal.h>
#include <stdbool.h>
#include <stdio.h>
#include <stdlib.h>
#include <string.h>
#include <time.h>
#include <process.h>
#include <stddef.h>
#include <malloc.h>
#include <memory.h>

int main(int argc, char** argv)
{
  (void)argv;
#ifndef getppid
  return ((int*)(&getppid))[argc];
#else
  (void)argc;
  return 0;
#endif
}
Determining if the utimes exist failed with the following output:
Change Dir: C:/Project Harmony/curl/CMakeFiles/CMakeTmp

Run Build Command(s):C:/Program Files (x86)/Microsoft Visual Studio/2019/Community/MSBuild/Current/Bin/MSBuild.exe cmTC_fe080.vcxproj /p:Configuration=Debug /p:Platform=x64 /p:VisualStudioVersion=16.0 /v:m && Microsoft (R) Build Engine version 16.11.2+f32259642 for .NET Framework
Copyright (C) Microsoft Corporation. All rights reserved.

  Microsoft (R) C/C++ Optimizing Compiler Version 19.29.30141 for x64
  Copyright (C) Microsoft Corporation.  All rights reserved.
  CheckSymbolExists.c
  cl /c /Zi /W1 /WX- /diagnostics:column /Od /Ob0 /D _MBCS /D WIN32 /D _WINDOWS /D _WIN32_WINNT=0x0600 /D _WINSOCKAPI_= /D "CMAKE_INTDIR=\"Debug\"" /Gm- /RTC1 /MDd /GS /fp:precise /Zc:wchar_t /Zc:forScope /Zc:inline /Fo"cmTC_fe080.dir\Debug\\" /Fd"cmTC_fe080.dir\Debug\vc142.pdb" /external:W1 /Gd /TC /errorReport:queue "C:\Project Harmony\curl\CMakeFiles\CMakeTmp\CheckSymbolExists.c"
C:\Project Harmony\curl\CMakeFiles\CMakeTmp\CheckSymbolExists.c(31,25): error C2065: 'utimes': undeclared identifier [C:\Project Harmony\curl\CMakeFiles\CMakeTmp\cmTC_fe080.vcxproj]


File C:/Project Harmony/curl/CMakeFiles/CMakeTmp/CheckSymbolExists.c:
/* */
#include <windows.h>
#include <ws2tcpip.h>
#include <winsock2.h>
#include <wincrypt.h>
#include <stdio.h>
#include <sys/stat.h>
#include <sys/types.h>
#include <sys/utime.h>
#include <assert.h>
#include <errno.h>
#include <fcntl.h>
#include <io.h>
#include <locale.h>
#include <setjmp.h>
#include <signal.h>
#include <stdbool.h>
#include <stdio.h>
#include <stdlib.h>
#include <string.h>
#include <time.h>
#include <process.h>
#include <stddef.h>
#include <malloc.h>
#include <memory.h>

int main(int argc, char** argv)
{
  (void)argv;
#ifndef utimes
  return ((int*)(&utimes))[argc];
#else
  (void)argc;
  return 0;
#endif
}
Determining if the getpwuid_r exist failed with the following output:
Change Dir: C:/Project Harmony/curl/CMakeFiles/CMakeTmp

Run Build Command(s):C:/Program Files (x86)/Microsoft Visual Studio/2019/Community/MSBuild/Current/Bin/MSBuild.exe cmTC_3e9bd.vcxproj /p:Configuration=Debug /p:Platform=x64 /p:VisualStudioVersion=16.0 /v:m && Microsoft (R) Build Engine version 16.11.2+f32259642 for .NET Framework
Copyright (C) Microsoft Corporation. All rights reserved.

  Microsoft (R) C/C++ Optimizing Compiler Version 19.29.30141 for x64
  Copyright (C) Microsoft Corporation.  All rights reserved.
  CheckSymbolExists.c
  cl /c /Zi /W1 /WX- /diagnostics:column /Od /Ob0 /D _MBCS /D WIN32 /D _WINDOWS /D _WIN32_WINNT=0x0600 /D _WINSOCKAPI_= /D "CMAKE_INTDIR=\"Debug\"" /Gm- /RTC1 /MDd /GS /fp:precise /Zc:wchar_t /Zc:forScope /Zc:inline /Fo"cmTC_3e9bd.dir\Debug\\" /Fd"cmTC_3e9bd.dir\Debug\vc142.pdb" /external:W1 /Gd /TC /errorReport:queue "C:\Project Harmony\curl\CMakeFiles\CMakeTmp\CheckSymbolExists.c"
C:\Project Harmony\curl\CMakeFiles\CMakeTmp\CheckSymbolExists.c(31,29): error C2065: 'getpwuid_r': undeclared identifier [C:\Project Harmony\curl\CMakeFiles\CMakeTmp\cmTC_3e9bd.vcxproj]


File C:/Project Harmony/curl/CMakeFiles/CMakeTmp/CheckSymbolExists.c:
/* */
#include <windows.h>
#include <ws2tcpip.h>
#include <winsock2.h>
#include <wincrypt.h>
#include <stdio.h>
#include <sys/stat.h>
#include <sys/types.h>
#include <sys/utime.h>
#include <assert.h>
#include <errno.h>
#include <fcntl.h>
#include <io.h>
#include <locale.h>
#include <setjmp.h>
#include <signal.h>
#include <stdbool.h>
#include <stdio.h>
#include <stdlib.h>
#include <string.h>
#include <time.h>
#include <process.h>
#include <stddef.h>
#include <malloc.h>
#include <memory.h>

int main(int argc, char** argv)
{
  (void)argv;
#ifndef getpwuid_r
  return ((int*)(&getpwuid_r))[argc];
#else
  (void)argc;
  return 0;
#endif
}
Determining if the usleep exist failed with the following output:
Change Dir: C:/Project Harmony/curl/CMakeFiles/CMakeTmp

Run Build Command(s):C:/Program Files (x86)/Microsoft Visual Studio/2019/Community/MSBuild/Current/Bin/MSBuild.exe cmTC_f6929.vcxproj /p:Configuration=Debug /p:Platform=x64 /p:VisualStudioVersion=16.0 /v:m && Microsoft (R) Build Engine version 16.11.2+f32259642 for .NET Framework
Copyright (C) Microsoft Corporation. All rights reserved.

  Microsoft (R) C/C++ Optimizing Compiler Version 19.29.30141 for x64
  Copyright (C) Microsoft Corporation.  All rights reserved.
  CheckSymbolExists.c
  cl /c /Zi /W1 /WX- /diagnostics:column /Od /Ob0 /D _MBCS /D WIN32 /D _WINDOWS /D _WIN32_WINNT=0x0600 /D _WINSOCKAPI_= /D "CMAKE_INTDIR=\"Debug\"" /Gm- /RTC1 /MDd /GS /fp:precise /Zc:wchar_t /Zc:forScope /Zc:inline /Fo"cmTC_f6929.dir\Debug\\" /Fd"cmTC_f6929.dir\Debug\vc142.pdb" /external:W1 /Gd /TC /errorReport:queue "C:\Project Harmony\curl\CMakeFiles\CMakeTmp\CheckSymbolExists.c"
C:\Project Harmony\curl\CMakeFiles\CMakeTmp\CheckSymbolExists.c(31,25): error C2065: 'usleep': undeclared identifier [C:\Project Harmony\curl\CMakeFiles\CMakeTmp\cmTC_f6929.vcxproj]


File C:/Project Harmony/curl/CMakeFiles/CMakeTmp/CheckSymbolExists.c:
/* */
#include <windows.h>
#include <ws2tcpip.h>
#include <winsock2.h>
#include <wincrypt.h>
#include <stdio.h>
#include <sys/stat.h>
#include <sys/types.h>
#include <sys/utime.h>
#include <assert.h>
#include <errno.h>
#include <fcntl.h>
#include <io.h>
#include <locale.h>
#include <setjmp.h>
#include <signal.h>
#include <stdbool.h>
#include <stdio.h>
#include <stdlib.h>
#include <string.h>
#include <time.h>
#include <process.h>
#include <stddef.h>
#include <malloc.h>
#include <memory.h>

int main(int argc, char** argv)
{
  (void)argv;
#ifndef usleep
  return ((int*)(&usleep))[argc];
#else
  (void)argc;
  return 0;
#endif
}
Determining if the strerror_r exist failed with the following output:
Change Dir: C:/Project Harmony/curl/CMakeFiles/CMakeTmp

Run Build Command(s):C:/Program Files (x86)/Microsoft Visual Studio/2019/Community/MSBuild/Current/Bin/MSBuild.exe cmTC_19f25.vcxproj /p:Configuration=Debug /p:Platform=x64 /p:VisualStudioVersion=16.0 /v:m && Microsoft (R) Build Engine version 16.11.2+f32259642 for .NET Framework
Copyright (C) Microsoft Corporation. All rights reserved.

  Microsoft (R) C/C++ Optimizing Compiler Version 19.29.30141 for x64
  Copyright (C) Microsoft Corporation.  All rights reserved.
  CheckSymbolExists.c
  cl /c /Zi /W1 /WX- /diagnostics:column /Od /Ob0 /D _MBCS /D WIN32 /D _WINDOWS /D _WIN32_WINNT=0x0600 /D _WINSOCKAPI_= /D "CMAKE_INTDIR=\"Debug\"" /Gm- /RTC1 /MDd /GS /fp:precise /Zc:wchar_t /Zc:forScope /Zc:inline /Fo"cmTC_19f25.dir\Debug\\" /Fd"cmTC_19f25.dir\Debug\vc142.pdb" /external:W1 /Gd /TC /errorReport:queue "C:\Project Harmony\curl\CMakeFiles\CMakeTmp\CheckSymbolExists.c"
C:\Project Harmony\curl\CMakeFiles\CMakeTmp\CheckSymbolExists.c(31,29): error C2065: 'strerror_r': undeclared identifier [C:\Project Harmony\curl\CMakeFiles\CMakeTmp\cmTC_19f25.vcxproj]


File C:/Project Harmony/curl/CMakeFiles/CMakeTmp/CheckSymbolExists.c:
/* */
#include <windows.h>
#include <ws2tcpip.h>
#include <winsock2.h>
#include <wincrypt.h>
#include <stdio.h>
#include <sys/stat.h>
#include <sys/types.h>
#include <sys/utime.h>
#include <assert.h>
#include <errno.h>
#include <fcntl.h>
#include <io.h>
#include <locale.h>
#include <setjmp.h>
#include <signal.h>
#include <stdbool.h>
#include <stdio.h>
#include <stdlib.h>
#include <string.h>
#include <time.h>
#include <process.h>
#include <stddef.h>
#include <malloc.h>
#include <memory.h>

int main(int argc, char** argv)
{
  (void)argv;
#ifndef strerror_r
  return ((int*)(&strerror_r))[argc];
#else
  (void)argc;
  return 0;
#endif
}
Determining if the siginterrupt exist failed with the following output:
Change Dir: C:/Project Harmony/curl/CMakeFiles/CMakeTmp

Run Build Command(s):C:/Program Files (x86)/Microsoft Visual Studio/2019/Community/MSBuild/Current/Bin/MSBuild.exe cmTC_9af3a.vcxproj /p:Configuration=Debug /p:Platform=x64 /p:VisualStudioVersion=16.0 /v:m && Microsoft (R) Build Engine version 16.11.2+f32259642 for .NET Framework
Copyright (C) Microsoft Corporation. All rights reserved.

  Microsoft (R) C/C++ Optimizing Compiler Version 19.29.30141 for x64
  Copyright (C) Microsoft Corporation.  All rights reserved.
  CheckSymbolExists.c
  cl /c /Zi /W1 /WX- /diagnostics:column /Od /Ob0 /D _MBCS /D WIN32 /D _WINDOWS /D _WIN32_WINNT=0x0600 /D _WINSOCKAPI_= /D "CMAKE_INTDIR=\"Debug\"" /Gm- /RTC1 /MDd /GS /fp:precise /Zc:wchar_t /Zc:forScope /Zc:inline /Fo"cmTC_9af3a.dir\Debug\\" /Fd"cmTC_9af3a.dir\Debug\vc142.pdb" /external:W1 /Gd /TC /errorReport:queue "C:\Project Harmony\curl\CMakeFiles\CMakeTmp\CheckSymbolExists.c"
C:\Project Harmony\curl\CMakeFiles\CMakeTmp\CheckSymbolExists.c(31,31): error C2065: 'siginterrupt': undeclared identifier [C:\Project Harmony\curl\CMakeFiles\CMakeTmp\cmTC_9af3a.vcxproj]


File C:/Project Harmony/curl/CMakeFiles/CMakeTmp/CheckSymbolExists.c:
/* */
#include <windows.h>
#include <ws2tcpip.h>
#include <winsock2.h>
#include <wincrypt.h>
#include <stdio.h>
#include <sys/stat.h>
#include <sys/types.h>
#include <sys/utime.h>
#include <assert.h>
#include <errno.h>
#include <fcntl.h>
#include <io.h>
#include <locale.h>
#include <setjmp.h>
#include <signal.h>
#include <stdbool.h>
#include <stdio.h>
#include <stdlib.h>
#include <string.h>
#include <time.h>
#include <process.h>
#include <stddef.h>
#include <malloc.h>
#include <memory.h>

int main(int argc, char** argv)
{
  (void)argv;
#ifndef siginterrupt
  return ((int*)(&siginterrupt))[argc];
#else
  (void)argc;
  return 0;
#endif
}
Determining if the pipe exist failed with the following output:
Change Dir: C:/Project Harmony/curl/CMakeFiles/CMakeTmp

Run Build Command(s):C:/Program Files (x86)/Microsoft Visual Studio/2019/Community/MSBuild/Current/Bin/MSBuild.exe cmTC_5dda3.vcxproj /p:Configuration=Debug /p:Platform=x64 /p:VisualStudioVersion=16.0 /v:m && Microsoft (R) Build Engine version 16.11.2+f32259642 for .NET Framework
Copyright (C) Microsoft Corporation. All rights reserved.

  Microsoft (R) C/C++ Optimizing Compiler Version 19.29.30141 for x64
  Copyright (C) Microsoft Corporation.  All rights reserved.
  CheckSymbolExists.c
  cl /c /Zi /W1 /WX- /diagnostics:column /Od /Ob0 /D _MBCS /D WIN32 /D _WINDOWS /D _WIN32_WINNT=0x0600 /D _WINSOCKAPI_= /D "CMAKE_INTDIR=\"Debug\"" /Gm- /RTC1 /MDd /GS /fp:precise /Zc:wchar_t /Zc:forScope /Zc:inline /Fo"cmTC_5dda3.dir\Debug\\" /Fd"cmTC_5dda3.dir\Debug\vc142.pdb" /external:W1 /Gd /TC /errorReport:queue "C:\Project Harmony\curl\CMakeFiles\CMakeTmp\CheckSymbolExists.c"
C:\Project Harmony\curl\CMakeFiles\CMakeTmp\CheckSymbolExists.c(31,23): error C2065: 'pipe': undeclared identifier [C:\Project Harmony\curl\CMakeFiles\CMakeTmp\cmTC_5dda3.vcxproj]


File C:/Project Harmony/curl/CMakeFiles/CMakeTmp/CheckSymbolExists.c:
/* */
#include <windows.h>
#include <ws2tcpip.h>
#include <winsock2.h>
#include <wincrypt.h>
#include <stdio.h>
#include <sys/stat.h>
#include <sys/types.h>
#include <sys/utime.h>
#include <assert.h>
#include <errno.h>
#include <fcntl.h>
#include <io.h>
#include <locale.h>
#include <setjmp.h>
#include <signal.h>
#include <stdbool.h>
#include <stdio.h>
#include <stdlib.h>
#include <string.h>
#include <time.h>
#include <process.h>
#include <stddef.h>
#include <malloc.h>
#include <memory.h>

int main(int argc, char** argv)
{
  (void)argv;
#ifndef pipe
  return ((int*)(&pipe))[argc];
#else
  (void)argc;
  return 0;
#endif
}
Determining if the ftruncate exist failed with the following output:
Change Dir: C:/Project Harmony/curl/CMakeFiles/CMakeTmp

Run Build Command(s):C:/Program Files (x86)/Microsoft Visual Studio/2019/Community/MSBuild/Current/Bin/MSBuild.exe cmTC_4ea4b.vcxproj /p:Configuration=Debug /p:Platform=x64 /p:VisualStudioVersion=16.0 /v:m && Microsoft (R) Build Engine version 16.11.2+f32259642 for .NET Framework
Copyright (C) Microsoft Corporation. All rights reserved.

  Microsoft (R) C/C++ Optimizing Compiler Version 19.29.30141 for x64
  Copyright (C) Microsoft Corporation.  All rights reserved.
  CheckSymbolExists.c
  cl /c /Zi /W1 /WX- /diagnostics:column /Od /Ob0 /D _MBCS /D WIN32 /D _WINDOWS /D _WIN32_WINNT=0x0600 /D _WINSOCKAPI_= /D "CMAKE_INTDIR=\"Debug\"" /Gm- /RTC1 /MDd /GS /fp:precise /Zc:wchar_t /Zc:forScope /Zc:inline /Fo"cmTC_4ea4b.dir\Debug\\" /Fd"cmTC_4ea4b.dir\Debug\vc142.pdb" /external:W1 /Gd /TC /errorReport:queue "C:\Project Harmony\curl\CMakeFiles\CMakeTmp\CheckSymbolExists.c"
C:\Project Harmony\curl\CMakeFiles\CMakeTmp\CheckSymbolExists.c(31,28): error C2065: 'ftruncate': undeclared identifier [C:\Project Harmony\curl\CMakeFiles\CMakeTmp\cmTC_4ea4b.vcxproj]


File C:/Project Harmony/curl/CMakeFiles/CMakeTmp/CheckSymbolExists.c:
/* */
#include <windows.h>
#include <ws2tcpip.h>
#include <winsock2.h>
#include <wincrypt.h>
#include <stdio.h>
#include <sys/stat.h>
#include <sys/types.h>
#include <sys/utime.h>
#include <assert.h>
#include <errno.h>
#include <fcntl.h>
#include <io.h>
#include <locale.h>
#include <setjmp.h>
#include <signal.h>
#include <stdbool.h>
#include <stdio.h>
#include <stdlib.h>
#include <string.h>
#include <time.h>
#include <process.h>
#include <stddef.h>
#include <malloc.h>
#include <memory.h>

int main(int argc, char** argv)
{
  (void)argv;
#ifndef ftruncate
  return ((int*)(&ftruncate))[argc];
#else
  (void)argc;
  return 0;
#endif
}
Determining if the if_nametoindex exist failed with the following output:
Change Dir: C:/Project Harmony/curl/CMakeFiles/CMakeTmp

Run Build Command(s):C:/Program Files (x86)/Microsoft Visual Studio/2019/Community/MSBuild/Current/Bin/MSBuild.exe cmTC_5634a.vcxproj /p:Configuration=Debug /p:Platform=x64 /p:VisualStudioVersion=16.0 /v:m && Microsoft (R) Build Engine version 16.11.2+f32259642 for .NET Framework
Copyright (C) Microsoft Corporation. All rights reserved.

  Microsoft (R) C/C++ Optimizing Compiler Version 19.29.30141 for x64
  Copyright (C) Microsoft Corporation.  All rights reserved.
  CheckSymbolExists.c
  cl /c /Zi /W1 /WX- /diagnostics:column /Od /Ob0 /D _MBCS /D WIN32 /D _WINDOWS /D _WIN32_WINNT=0x0600 /D _WINSOCKAPI_= /D "CMAKE_INTDIR=\"Debug\"" /Gm- /RTC1 /MDd /GS /fp:precise /Zc:wchar_t /Zc:forScope /Zc:inline /Fo"cmTC_5634a.dir\Debug\\" /Fd"cmTC_5634a.dir\Debug\vc142.pdb" /external:W1 /Gd /TC /errorReport:queue "C:\Project Harmony\curl\CMakeFiles\CMakeTmp\CheckSymbolExists.c"
C:\Project Harmony\curl\CMakeFiles\CMakeTmp\CheckSymbolExists.c(31,33): error C2065: 'if_nametoindex': undeclared identifier [C:\Project Harmony\curl\CMakeFiles\CMakeTmp\cmTC_5634a.vcxproj]


File C:/Project Harmony/curl/CMakeFiles/CMakeTmp/CheckSymbolExists.c:
/* */
#include <windows.h>
#include <ws2tcpip.h>
#include <winsock2.h>
#include <wincrypt.h>
#include <stdio.h>
#include <sys/stat.h>
#include <sys/types.h>
#include <sys/utime.h>
#include <assert.h>
#include <errno.h>
#include <fcntl.h>
#include <io.h>
#include <locale.h>
#include <setjmp.h>
#include <signal.h>
#include <stdbool.h>
#include <stdio.h>
#include <stdlib.h>
#include <string.h>
#include <time.h>
#include <process.h>
#include <stddef.h>
#include <malloc.h>
#include <memory.h>

int main(int argc, char** argv)
{
  (void)argv;
#ifndef if_nametoindex
  return ((int*)(&if_nametoindex))[argc];
#else
  (void)argc;
  return 0;
#endif
}
Determining if the getrlimit exist failed with the following output:
Change Dir: C:/Project Harmony/curl/CMakeFiles/CMakeTmp

Run Build Command(s):C:/Program Files (x86)/Microsoft Visual Studio/2019/Community/MSBuild/Current/Bin/MSBuild.exe cmTC_f6018.vcxproj /p:Configuration=Debug /p:Platform=x64 /p:VisualStudioVersion=16.0 /v:m && Microsoft (R) Build Engine version 16.11.2+f32259642 for .NET Framework
Copyright (C) Microsoft Corporation. All rights reserved.

  Microsoft (R) C/C++ Optimizing Compiler Version 19.29.30141 for x64
  Copyright (C) Microsoft Corporation.  All rights reserved.
  CheckSymbolExists.c
  cl /c /Zi /W1 /WX- /diagnostics:column /Od /Ob0 /D _MBCS /D WIN32 /D _WINDOWS /D _WIN32_WINNT=0x0600 /D _WINSOCKAPI_= /D "CMAKE_INTDIR=\"Debug\"" /Gm- /RTC1 /MDd /GS /fp:precise /Zc:wchar_t /Zc:forScope /Zc:inline /Fo"cmTC_f6018.dir\Debug\\" /Fd"cmTC_f6018.dir\Debug\vc142.pdb" /external:W1 /Gd /TC /errorReport:queue "C:\Project Harmony\curl\CMakeFiles\CMakeTmp\CheckSymbolExists.c"
C:\Project Harmony\curl\CMakeFiles\CMakeTmp\CheckSymbolExists.c(31,28): error C2065: 'getrlimit': undeclared identifier [C:\Project Harmony\curl\CMakeFiles\CMakeTmp\cmTC_f6018.vcxproj]


File C:/Project Harmony/curl/CMakeFiles/CMakeTmp/CheckSymbolExists.c:
/* */
#include <windows.h>
#include <ws2tcpip.h>
#include <winsock2.h>
#include <wincrypt.h>
#include <stdio.h>
#include <sys/stat.h>
#include <sys/types.h>
#include <sys/utime.h>
#include <assert.h>
#include <errno.h>
#include <fcntl.h>
#include <io.h>
#include <locale.h>
#include <setjmp.h>
#include <signal.h>
#include <stdbool.h>
#include <stdio.h>
#include <stdlib.h>
#include <string.h>
#include <time.h>
#include <process.h>
#include <stddef.h>
#include <malloc.h>
#include <memory.h>

int main(int argc, char** argv)
{
  (void)argv;
#ifndef getrlimit
  return ((int*)(&getrlimit))[argc];
#else
  (void)argc;
  return 0;
#endif
}
Determining if the setrlimit exist failed with the following output:
Change Dir: C:/Project Harmony/curl/CMakeFiles/CMakeTmp

Run Build Command(s):C:/Program Files (x86)/Microsoft Visual Studio/2019/Community/MSBuild/Current/Bin/MSBuild.exe cmTC_a8817.vcxproj /p:Configuration=Debug /p:Platform=x64 /p:VisualStudioVersion=16.0 /v:m && Microsoft (R) Build Engine version 16.11.2+f32259642 for .NET Framework
Copyright (C) Microsoft Corporation. All rights reserved.

  Microsoft (R) C/C++ Optimizing Compiler Version 19.29.30141 for x64
  Copyright (C) Microsoft Corporation.  All rights reserved.
  CheckSymbolExists.c
  cl /c /Zi /W1 /WX- /diagnostics:column /Od /Ob0 /D _MBCS /D WIN32 /D _WINDOWS /D _WIN32_WINNT=0x0600 /D _WINSOCKAPI_= /D "CMAKE_INTDIR=\"Debug\"" /Gm- /RTC1 /MDd /GS /fp:precise /Zc:wchar_t /Zc:forScope /Zc:inline /Fo"cmTC_a8817.dir\Debug\\" /Fd"cmTC_a8817.dir\Debug\vc142.pdb" /external:W1 /Gd /TC /errorReport:queue "C:\Project Harmony\curl\CMakeFiles\CMakeTmp\CheckSymbolExists.c"
C:\Project Harmony\curl\CMakeFiles\CMakeTmp\CheckSymbolExists.c(31,28): error C2065: 'setrlimit': undeclared identifier [C:\Project Harmony\curl\CMakeFiles\CMakeTmp\cmTC_a8817.vcxproj]


File C:/Project Harmony/curl/CMakeFiles/CMakeTmp/CheckSymbolExists.c:
/* */
#include <windows.h>
#include <ws2tcpip.h>
#include <winsock2.h>
#include <wincrypt.h>
#include <stdio.h>
#include <sys/stat.h>
#include <sys/types.h>
#include <sys/utime.h>
#include <assert.h>
#include <errno.h>
#include <fcntl.h>
#include <io.h>
#include <locale.h>
#include <setjmp.h>
#include <signal.h>
#include <stdbool.h>
#include <stdio.h>
#include <stdlib.h>
#include <string.h>
#include <time.h>
#include <process.h>
#include <stddef.h>
#include <malloc.h>
#include <memory.h>

int main(int argc, char** argv)
{
  (void)argv;
#ifndef setrlimit
  return ((int*)(&setrlimit))[argc];
#else
  (void)argc;
  return 0;
#endif
}
Determining if the fcntl exist failed with the following output:
Change Dir: C:/Project Harmony/curl/CMakeFiles/CMakeTmp

Run Build Command(s):C:/Program Files (x86)/Microsoft Visual Studio/2019/Community/MSBuild/Current/Bin/MSBuild.exe cmTC_56e7c.vcxproj /p:Configuration=Debug /p:Platform=x64 /p:VisualStudioVersion=16.0 /v:m && Microsoft (R) Build Engine version 16.11.2+f32259642 for .NET Framework
Copyright (C) Microsoft Corporation. All rights reserved.

  Microsoft (R) C/C++ Optimizing Compiler Version 19.29.30141 for x64
  Copyright (C) Microsoft Corporation.  All rights reserved.
  CheckSymbolExists.c
  cl /c /Zi /W1 /WX- /diagnostics:column /Od /Ob0 /D _MBCS /D WIN32 /D _WINDOWS /D _WIN32_WINNT=0x0600 /D _WINSOCKAPI_= /D "CMAKE_INTDIR=\"Debug\"" /Gm- /RTC1 /MDd /GS /fp:precise /Zc:wchar_t /Zc:forScope /Zc:inline /Fo"cmTC_56e7c.dir\Debug\\" /Fd"cmTC_56e7c.dir\Debug\vc142.pdb" /external:W1 /Gd /TC /errorReport:queue "C:\Project Harmony\curl\CMakeFiles\CMakeTmp\CheckSymbolExists.c"
C:\Project Harmony\curl\CMakeFiles\CMakeTmp\CheckSymbolExists.c(31,24): error C2065: 'fcntl': undeclared identifier [C:\Project Harmony\curl\CMakeFiles\CMakeTmp\cmTC_56e7c.vcxproj]


File C:/Project Harmony/curl/CMakeFiles/CMakeTmp/CheckSymbolExists.c:
/* */
#include <windows.h>
#include <ws2tcpip.h>
#include <winsock2.h>
#include <wincrypt.h>
#include <stdio.h>
#include <sys/stat.h>
#include <sys/types.h>
#include <sys/utime.h>
#include <assert.h>
#include <errno.h>
#include <fcntl.h>
#include <io.h>
#include <locale.h>
#include <setjmp.h>
#include <signal.h>
#include <stdbool.h>
#include <stdio.h>
#include <stdlib.h>
#include <string.h>
#include <time.h>
#include <process.h>
#include <stddef.h>
#include <malloc.h>
#include <memory.h>

int main(int argc, char** argv)
{
  (void)argv;
#ifndef fcntl
  return ((int*)(&fcntl))[argc];
#else
  (void)argc;
  return 0;
#endif
}
Determining if the ioctl exist failed with the following output:
Change Dir: C:/Project Harmony/curl/CMakeFiles/CMakeTmp

Run Build Command(s):C:/Program Files (x86)/Microsoft Visual Studio/2019/Community/MSBuild/Current/Bin/MSBuild.exe cmTC_16ef9.vcxproj /p:Configuration=Debug /p:Platform=x64 /p:VisualStudioVersion=16.0 /v:m && Microsoft (R) Build Engine version 16.11.2+f32259642 for .NET Framework
Copyright (C) Microsoft Corporation. All rights reserved.

  Microsoft (R) C/C++ Optimizing Compiler Version 19.29.30141 for x64
  Copyright (C) Microsoft Corporation.  All rights reserved.
  CheckSymbolExists.c
  cl /c /Zi /W1 /WX- /diagnostics:column /Od /Ob0 /D _MBCS /D WIN32 /D _WINDOWS /D _WIN32_WINNT=0x0600 /D _WINSOCKAPI_= /D "CMAKE_INTDIR=\"Debug\"" /Gm- /RTC1 /MDd /GS /fp:precise /Zc:wchar_t /Zc:forScope /Zc:inline /Fo"cmTC_16ef9.dir\Debug\\" /Fd"cmTC_16ef9.dir\Debug\vc142.pdb" /external:W1 /Gd /TC /errorReport:queue "C:\Project Harmony\curl\CMakeFiles\CMakeTmp\CheckSymbolExists.c"
C:\Project Harmony\curl\CMakeFiles\CMakeTmp\CheckSymbolExists.c(31,24): error C2065: 'ioctl': undeclared identifier [C:\Project Harmony\curl\CMakeFiles\CMakeTmp\cmTC_16ef9.vcxproj]


File C:/Project Harmony/curl/CMakeFiles/CMakeTmp/CheckSymbolExists.c:
/* */
#include <windows.h>
#include <ws2tcpip.h>
#include <winsock2.h>
#include <wincrypt.h>
#include <stdio.h>
#include <sys/stat.h>
#include <sys/types.h>
#include <sys/utime.h>
#include <assert.h>
#include <errno.h>
#include <fcntl.h>
#include <io.h>
#include <locale.h>
#include <setjmp.h>
#include <signal.h>
#include <stdbool.h>
#include <stdio.h>
#include <stdlib.h>
#include <string.h>
#include <time.h>
#include <process.h>
#include <stddef.h>
#include <malloc.h>
#include <memory.h>

int main(int argc, char** argv)
{
  (void)argv;
#ifndef ioctl
  return ((int*)(&ioctl))[argc];
#else
  (void)argc;
  return 0;
#endif
}
Determining if the function mach_absolute_time exists failed with the following output:
Change Dir: C:/Project Harmony/curl/CMakeFiles/CMakeTmp

Run Build Command(s):C:/Program Files (x86)/Microsoft Visual Studio/2019/Community/MSBuild/Current/Bin/MSBuild.exe cmTC_89c37.vcxproj /p:Configuration=Debug /p:Platform=x64 /p:VisualStudioVersion=16.0 /v:m && Microsoft (R) Build Engine version 16.11.2+f32259642 for .NET Framework
Copyright (C) Microsoft Corporation. All rights reserved.

  Microsoft (R) C/C++ Optimizing Compiler Version 19.29.30141 for x64
  Copyright (C) Microsoft Corporation.  All rights reserved.
  CheckFunctionExists.c
  cl /c /Zi /W1 /WX- /diagnostics:column /Od /Ob0 /D _MBCS /D WIN32 /D _WINDOWS /D CHECK_FUNCTION_EXISTS=mach_absolute_time /D _WIN32_WINNT=0x0600 /D _WINSOCKAPI_= /D "CMAKE_INTDIR=\"Debug\"" /Gm- /RTC1 /MDd /GS /fp:precise /Zc:wchar_t /Zc:forScope /Zc:inline /Fo"cmTC_89c37.dir\Debug\\" /Fd"cmTC_89c37.dir\Debug\vc142.pdb" /external:W1 /Gd /TC /errorReport:queue "C:\Program Files\CMake\share\cmake-3.22\Modules\CheckFunctionExists.c"
CheckFunctionExists.obj : error LNK2019: unresolved external symbol mach_absolute_time referenced in function main [C:\Project Harmony\curl\CMakeFiles\CMakeTmp\cmTC_89c37.vcxproj]
C:\Project Harmony\curl\CMakeFiles\CMakeTmp\Debug\cmTC_89c37.exe : fatal error LNK1120: 1 unresolved externals [C:\Project Harmony\curl\CMakeFiles\CMakeTmp\cmTC_89c37.vcxproj]



Determining if the fsetxattr exist failed with the following output:
Change Dir: C:/Project Harmony/curl/CMakeFiles/CMakeTmp

Run Build Command(s):C:/Program Files (x86)/Microsoft Visual Studio/2019/Community/MSBuild/Current/Bin/MSBuild.exe cmTC_43285.vcxproj /p:Configuration=Debug /p:Platform=x64 /p:VisualStudioVersion=16.0 /v:m && Microsoft (R) Build Engine version 16.11.2+f32259642 for .NET Framework
Copyright (C) Microsoft Corporation. All rights reserved.

  Microsoft (R) C/C++ Optimizing Compiler Version 19.29.30141 for x64
  Copyright (C) Microsoft Corporation.  All rights reserved.
  CheckSymbolExists.c
  cl /c /Zi /W1 /WX- /diagnostics:column /Od /Ob0 /D _MBCS /D WIN32 /D _WINDOWS /D _WIN32_WINNT=0x0600 /D _WINSOCKAPI_= /D "CMAKE_INTDIR=\"Debug\"" /Gm- /RTC1 /MDd /GS /fp:precise /Zc:wchar_t /Zc:forScope /Zc:inline /Fo"cmTC_43285.dir\Debug\\" /Fd"cmTC_43285.dir\Debug\vc142.pdb" /external:W1 /Gd /TC /errorReport:queue "C:\Project Harmony\curl\CMakeFiles\CMakeTmp\CheckSymbolExists.c"
C:\Project Harmony\curl\CMakeFiles\CMakeTmp\CheckSymbolExists.c(31,28): error C2065: 'fsetxattr': undeclared identifier [C:\Project Harmony\curl\CMakeFiles\CMakeTmp\cmTC_43285.vcxproj]


File C:/Project Harmony/curl/CMakeFiles/CMakeTmp/CheckSymbolExists.c:
/* */
#include <windows.h>
#include <ws2tcpip.h>
#include <winsock2.h>
#include <wincrypt.h>
#include <stdio.h>
#include <sys/stat.h>
#include <sys/types.h>
#include <sys/utime.h>
#include <assert.h>
#include <errno.h>
#include <fcntl.h>
#include <io.h>
#include <locale.h>
#include <setjmp.h>
#include <signal.h>
#include <stdbool.h>
#include <stdio.h>
#include <stdlib.h>
#include <string.h>
#include <time.h>
#include <process.h>
#include <stddef.h>
#include <malloc.h>
#include <memory.h>

int main(int argc, char** argv)
{
  (void)argv;
#ifndef fsetxattr
  return ((int*)(&fsetxattr))[argc];
#else
  (void)argc;
  return 0;
#endif
}
Determining size of sa_family_t failed with the following output:
Change Dir: C:/Project Harmony/curl/CMakeFiles/CMakeTmp

Run Build Command(s):C:/Program Files (x86)/Microsoft Visual Studio/2019/Community/MSBuild/Current/Bin/MSBuild.exe cmTC_6be44.vcxproj /p:Configuration=Debug /p:Platform=x64 /p:VisualStudioVersion=16.0 /v:m && Microsoft (R) Build Engine version 16.11.2+f32259642 for .NET Framework
Copyright (C) Microsoft Corporation. All rights reserved.

  Microsoft (R) C/C++ Optimizing Compiler Version 19.29.30141 for x64
  Copyright (C) Microsoft Corporation.  All rights reserved.
  SIZEOF_SA_FAMILY_T.c
  cl /c /Zi /W1 /WX- /diagnostics:column /Od /Ob0 /D _MBCS /D WIN32 /D _WINDOWS /D _WIN32_WINNT=0x0600 /D _WINSOCKAPI_= /D "CMAKE_INTDIR=\"Debug\"" /Gm- /RTC1 /MDd /GS /fp:precise /Zc:wchar_t /Zc:forScope /Zc:inline /Fo"cmTC_6be44.dir\Debug\\" /Fd"cmTC_6be44.dir\Debug\vc142.pdb" /external:W1 /Gd /TC /errorReport:queue "C:\Project Harmony\curl\CMakeFiles\CheckTypeSize\SIZEOF_SA_FAMILY_T.c"
C:\Project Harmony\curl\CMakeFiles\CheckTypeSize\SIZEOF_SA_FAMILY_T.c(3,10): fatal error C1083: Cannot open include file: 'sys/socket.h': No such file or directory [C:\Project Harmony\curl\CMakeFiles\CMakeTmp\cmTC_6be44.vcxproj]


C:/Project Harmony/curl/CMakeFiles/CheckTypeSize/SIZEOF_SA_FAMILY_T.c:
#include <sys/types.h>
#include <stddef.h>
#include "sys/socket.h"


#undef KEY
#if defined(__i386)
# define KEY '_','_','i','3','8','6'
#elif defined(__x86_64)
# define KEY '_','_','x','8','6','_','6','4'
#elif defined(__PPC64__)
# define KEY '_','_','P','P','C','6','4','_','_'
#elif defined(__ppc64__)
# define KEY '_','_','p','p','c','6','4','_','_'
#elif defined(__PPC__)
# define KEY '_','_','P','P','C','_','_'
#elif defined(__ppc__)
# define KEY '_','_','p','p','c','_','_'
#elif defined(__aarch64__)
# define KEY '_','_','a','a','r','c','h','6','4','_','_'
#elif defined(__ARM_ARCH_7A__)
# define KEY '_','_','A','R','M','_','A','R','C','H','_','7','A','_','_'
#elif defined(__ARM_ARCH_7S__)
# define KEY '_','_','A','R','M','_','A','R','C','H','_','7','S','_','_'
#endif

#define SIZE (sizeof(sa_family_t))
static char info_size[] =  {'I', 'N', 'F', 'O', ':', 's','i','z','e','[',
  ('0' + ((SIZE / 10000)%10)),
  ('0' + ((SIZE / 1000)%10)),
  ('0' + ((SIZE / 100)%10)),
  ('0' + ((SIZE / 10)%10)),
  ('0' +  (SIZE    % 10)),
  ']',
#ifdef KEY
  ' ','k','e','y','[', KEY, ']',
#endif
  '\0'};

#ifdef __CLASSIC_C__
int main(argc, argv) int argc; char *argv[];
#else
int main(int argc, char *argv[])
#endif
{
  int require = 0;
  require += info_size[argc];
  (void)argv;
  return require;
}


Determining size of ADDRESS_FAMILY failed with the following output:
Change Dir: C:/Project Harmony/curl/CMakeFiles/CMakeTmp

Run Build Command(s):C:/Program Files (x86)/Microsoft Visual Studio/2019/Community/MSBuild/Current/Bin/MSBuild.exe cmTC_c073e.vcxproj /p:Configuration=Debug /p:Platform=x64 /p:VisualStudioVersion=16.0 /v:m && Microsoft (R) Build Engine version 16.11.2+f32259642 for .NET Framework
Copyright (C) Microsoft Corporation. All rights reserved.

  Microsoft (R) C/C++ Optimizing Compiler Version 19.29.30141 for x64
  Copyright (C) Microsoft Corporation.  All rights reserved.
  SIZEOF_ADDRESS_FAMILY.c
  cl /c /Zi /W1 /WX- /diagnostics:column /Od /Ob0 /D _MBCS /D WIN32 /D _WINDOWS /D _WIN32_WINNT=0x0600 /D _WINSOCKAPI_= /D "CMAKE_INTDIR=\"Debug\"" /Gm- /RTC1 /MDd /GS /fp:precise /Zc:wchar_t /Zc:forScope /Zc:inline /Fo"cmTC_c073e.dir\Debug\\" /Fd"cmTC_c073e.dir\Debug\vc142.pdb" /external:W1 /Gd /TC /errorReport:queue "C:\Project Harmony\curl\CMakeFiles\CheckTypeSize\SIZEOF_ADDRESS_FAMILY.c"
C:\Program Files (x86)\Windows Kits\10\Include\10.0.19041.0\shared\ws2def.h(47,1): fatal error C1189: #error:  Do not include winsock.h and ws2def.h in the same module. Instead include only winsock2.h. [C:\Project Harmony\curl\CMakeFiles\CMakeTmp\cmTC_c073e.vcxproj]


C:/Project Harmony/curl/CMakeFiles/CheckTypeSize/SIZEOF_ADDRESS_FAMILY.c:
#include <sys/types.h>
#include <stddef.h>
#include "ws2def.h"


#undef KEY
#if defined(__i386)
# define KEY '_','_','i','3','8','6'
#elif defined(__x86_64)
# define KEY '_','_','x','8','6','_','6','4'
#elif defined(__PPC64__)
# define KEY '_','_','P','P','C','6','4','_','_'
#elif defined(__ppc64__)
# define KEY '_','_','p','p','c','6','4','_','_'
#elif defined(__PPC__)
# define KEY '_','_','P','P','C','_','_'
#elif defined(__ppc__)
# define KEY '_','_','p','p','c','_','_'
#elif defined(__aarch64__)
# define KEY '_','_','a','a','r','c','h','6','4','_','_'
#elif defined(__ARM_ARCH_7A__)
# define KEY '_','_','A','R','M','_','A','R','C','H','_','7','A','_','_'
#elif defined(__ARM_ARCH_7S__)
# define KEY '_','_','A','R','M','_','A','R','C','H','_','7','S','_','_'
#endif

#define SIZE (sizeof(ADDRESS_FAMILY))
static char info_size[] =  {'I', 'N', 'F', 'O', ':', 's','i','z','e','[',
  ('0' + ((SIZE / 10000)%10)),
  ('0' + ((SIZE / 1000)%10)),
  ('0' + ((SIZE / 100)%10)),
  ('0' + ((SIZE / 10)%10)),
  ('0' +  (SIZE    % 10)),
  ']',
#ifdef KEY
  ' ','k','e','y','[', KEY, ']',
#endif
  '\0'};

#ifdef __CLASSIC_C__
int main(argc, argv) int argc; char *argv[];
#else
int main(int argc, char *argv[])
#endif
{
  int require = 0;
  require += info_size[argc];
  (void)argv;
  return require;
}


Performing Curl Test HAVE_FCNTL_O_NONBLOCK failed with the following output:
Change Dir: C:/Project Harmony/curl/CMakeFiles/CMakeTmp

Run Build Command(s):C:/Program Files (x86)/Microsoft Visual Studio/2019/Community/MSBuild/Current/Bin/MSBuild.exe cmTC_a18f6.vcxproj /p:Configuration=Debug /p:Platform=x64 /p:VisualStudioVersion=16.0 /v:m && Microsoft (R) Build Engine version 16.11.2+f32259642 for .NET Framework
Copyright (C) Microsoft Corporation. All rights reserved.

  Microsoft (R) C/C++ Optimizing Compiler Version 19.29.30141 for x64
  Copyright (C) Microsoft Corporation.  All rights reserved.
  CurlTests.c
  cl /c /Zi /W1 /WX- /diagnostics:column /Od /Ob0 /D _MBCS /D WIN32 /D _WINDOWS /D HAVE_FCNTL_O_NONBLOCK /D HAVE_WINDOWS_H /D HAVE_WS2TCPIP_H /D HAVE_WINSOCK2_H /D HAVE_WINCRYPT_H /D HAVE_STDIO_H /D HAVE_SYS_STAT_H /D HAVE_SYS_TYPES_H /D HAVE_SYS_UTIME_H /D HAVE_ASSERT_H /D HAVE_ERRNO_H /D HAVE_FCNTL_H /D HAVE_IO_H /D HAVE_LOCALE_H /D HAVE_SETJMP_H /D HAVE_SIGNAL_H /D HAVE_STDBOOL_H /D HAVE_STDLIB_H /D HAVE_STRING_H /D HAVE_TIME_H /D HAVE_PROCESS_H /D HAVE_STDDEF_H /D HAVE_MALLOC_H /D HAVE_MEMORY_H /D "CMAKE_INTDIR=\"Debug\"" /Gm- /RTC1 /MDd /GS /fp:precise /Zc:wchar_t /Zc:forScope /Zc:inline /Fo"cmTC_a18f6.dir\Debug\\" /Fd"cmTC_a18f6.dir\Debug\vc142.pdb" /external:W1 /Gd /TC /errorReport:queue "C:\Project Harmony\curl\CMake\CurlTests.c"
C:\Project Harmony\curl\CMake\CurlTests.c(44,10): fatal error C1083: Cannot open include file: 'unistd.h': No such file or directory [C:\Project Harmony\curl\CMakeFiles\CMakeTmp\cmTC_a18f6.vcxproj]


Performing Curl Test HAVE_IOCTLSOCKET_CAMEL failed with the following output:
Change Dir: C:/Project Harmony/curl/CMakeFiles/CMakeTmp

Run Build Command(s):C:/Program Files (x86)/Microsoft Visual Studio/2019/Community/MSBuild/Current/Bin/MSBuild.exe cmTC_42a09.vcxproj /p:Configuration=Debug /p:Platform=x64 /p:VisualStudioVersion=16.0 /v:m && Microsoft (R) Build Engine version 16.11.2+f32259642 for .NET Framework
Copyright (C) Microsoft Corporation. All rights reserved.

  Microsoft (R) C/C++ Optimizing Compiler Version 19.29.30141 for x64
  Copyright (C) Microsoft Corporation.  All rights reserved.
  CurlTests.c
  cl /c /Zi /W1 /WX- /diagnostics:column /Od /Ob0 /D _MBCS /D WIN32 /D _WINDOWS /D HAVE_IOCTLSOCKET_CAMEL /D HAVE_WINDOWS_H /D HAVE_WS2TCPIP_H /D HAVE_WINSOCK2_H /D HAVE_WINCRYPT_H /D HAVE_STDIO_H /D HAVE_SYS_STAT_H /D HAVE_SYS_TYPES_H /D HAVE_SYS_UTIME_H /D HAVE_ASSERT_H /D HAVE_ERRNO_H /D HAVE_FCNTL_H /D HAVE_IO_H /D HAVE_LOCALE_H /D HAVE_SETJMP_H /D HAVE_SIGNAL_H /D HAVE_STDBOOL_H /D HAVE_STDLIB_H /D HAVE_STRING_H /D HAVE_TIME_H /D HAVE_PROCESS_H /D HAVE_STDDEF_H /D HAVE_MALLOC_H /D HAVE_MEMORY_H /D "CMAKE_INTDIR=\"Debug\"" /Gm- /RTC1 /MDd /GS /fp:precise /Zc:wchar_t /Zc:forScope /Zc:inline /Fo"cmTC_42a09.dir\Debug\\" /Fd"cmTC_42a09.dir\Debug\vc142.pdb" /external:W1 /Gd /TC /errorReport:queue "C:\Project Harmony\curl\CMake\CurlTests.c"
CurlTests.obj : error LNK2019: unresolved external symbol IoctlSocket referenced in function main [C:\Project Harmony\curl\CMakeFiles\CMakeTmp\cmTC_42a09.vcxproj]
C:\Project Harmony\curl\CMakeFiles\CMakeTmp\Debug\cmTC_42a09.exe : fatal error LNK1120: 1 unresolved externals [C:\Project Harmony\curl\CMakeFiles\CMakeTmp\cmTC_42a09.vcxproj]


Performing Curl Test HAVE_IOCTLSOCKET_CAMEL_FIONBIO failed with the following output:
Change Dir: C:/Project Harmony/curl/CMakeFiles/CMakeTmp

Run Build Command(s):C:/Program Files (x86)/Microsoft Visual Studio/2019/Community/MSBuild/Current/Bin/MSBuild.exe cmTC_04366.vcxproj /p:Configuration=Debug /p:Platform=x64 /p:VisualStudioVersion=16.0 /v:m && Microsoft (R) Build Engine version 16.11.2+f32259642 for .NET Framework
Copyright (C) Microsoft Corporation. All rights reserved.

  Microsoft (R) C/C++ Optimizing Compiler Version 19.29.30141 for x64
  Copyright (C) Microsoft Corporation.  All rights reserved.
  CurlTests.c
  cl /c /Zi /W1 /WX- /diagnostics:column /Od /Ob0 /D _MBCS /D WIN32 /D _WINDOWS /D HAVE_IOCTLSOCKET_CAMEL_FIONBIO /D HAVE_WINDOWS_H /D HAVE_WS2TCPIP_H /D HAVE_WINSOCK2_H /D HAVE_WINCRYPT_H /D HAVE_STDIO_H /D HAVE_SYS_STAT_H /D HAVE_SYS_TYPES_H /D HAVE_SYS_UTIME_H /D HAVE_ASSERT_H /D HAVE_ERRNO_H /D HAVE_FCNTL_H /D HAVE_IO_H /D HAVE_LOCALE_H /D HAVE_SETJMP_H /D HAVE_SIGNAL_H /D HAVE_STDBOOL_H /D HAVE_STDLIB_H /D HAVE_STRING_H /D HAVE_TIME_H /D HAVE_PROCESS_H /D HAVE_STDDEF_H /D HAVE_MALLOC_H /D HAVE_MEMORY_H /D "CMAKE_INTDIR=\"Debug\"" /Gm- /RTC1 /MDd /GS /fp:precise /Zc:wchar_t /Zc:forScope /Zc:inline /Fo"cmTC_04366.dir\Debug\\" /Fd"cmTC_04366.dir\Debug\vc142.pdb" /external:W1 /Gd /TC /errorReport:queue "C:\Project Harmony\curl\CMake\CurlTests.c"
CurlTests.obj : error LNK2019: unresolved external symbol IoctlSocket referenced in function main [C:\Project Harmony\curl\CMakeFiles\CMakeTmp\cmTC_04366.vcxproj]
C:\Project Harmony\curl\CMakeFiles\CMakeTmp\Debug\cmTC_04366.exe : fatal error LNK1120: 1 unresolved externals [C:\Project Harmony\curl\CMakeFiles\CMakeTmp\cmTC_04366.vcxproj]


Performing Curl Test HAVE_IOCTL_FIONBIO failed with the following output:
Change Dir: C:/Project Harmony/curl/CMakeFiles/CMakeTmp

Run Build Command(s):C:/Program Files (x86)/Microsoft Visual Studio/2019/Community/MSBuild/Current/Bin/MSBuild.exe cmTC_b11a8.vcxproj /p:Configuration=Debug /p:Platform=x64 /p:VisualStudioVersion=16.0 /v:m && Microsoft (R) Build Engine version 16.11.2+f32259642 for .NET Framework
Copyright (C) Microsoft Corporation. All rights reserved.

  Microsoft (R) C/C++ Optimizing Compiler Version 19.29.30141 for x64
  Copyright (C) Microsoft Corporation.  All rights reserved.
  CurlTests.c
  cl /c /Zi /W1 /WX- /diagnostics:column /Od /Ob0 /D _MBCS /D WIN32 /D _WINDOWS /D HAVE_IOCTL_FIONBIO /D HAVE_WINDOWS_H /D HAVE_WS2TCPIP_H /D HAVE_WINSOCK2_H /D HAVE_WINCRYPT_H /D HAVE_STDIO_H /D HAVE_SYS_STAT_H /D HAVE_SYS_TYPES_H /D HAVE_SYS_UTIME_H /D HAVE_ASSERT_H /D HAVE_ERRNO_H /D HAVE_FCNTL_H /D HAVE_IO_H /D HAVE_LOCALE_H /D HAVE_SETJMP_H /D HAVE_SIGNAL_H /D HAVE_STDBOOL_H /D HAVE_STDLIB_H /D HAVE_STRING_H /D HAVE_TIME_H /D HAVE_PROCESS_H /D HAVE_STDDEF_H /D HAVE_MALLOC_H /D HAVE_MEMORY_H /D "CMAKE_INTDIR=\"Debug\"" /Gm- /RTC1 /MDd /GS /fp:precise /Zc:wchar_t /Zc:forScope /Zc:inline /Fo"cmTC_b11a8.dir\Debug\\" /Fd"cmTC_b11a8.dir\Debug\vc142.pdb" /external:W1 /Gd /TC /errorReport:queue "C:\Project Harmony\curl\CMake\CurlTests.c"
C:\Project Harmony\curl\CMake\CurlTests.c(343,33): error C2065: 'FIONBIO': undeclared identifier [C:\Project Harmony\curl\CMakeFiles\CMakeTmp\cmTC_b11a8.vcxproj]


Performing Curl Test HAVE_IOCTL_SIOCGIFADDR failed with the following output:
Change Dir: C:/Project Harmony/curl/CMakeFiles/CMakeTmp

Run Build Command(s):C:/Program Files (x86)/Microsoft Visual Studio/2019/Community/MSBuild/Current/Bin/MSBuild.exe cmTC_3bb83.vcxproj /p:Configuration=Debug /p:Platform=x64 /p:VisualStudioVersion=16.0 /v:m && Microsoft (R) Build Engine version 16.11.2+f32259642 for .NET Framework
Copyright (C) Microsoft Corporation. All rights reserved.

  Microsoft (R) C/C++ Optimizing Compiler Version 19.29.30141 for x64
  Copyright (C) Microsoft Corporation.  All rights reserved.
  CurlTests.c
  cl /c /Zi /W1 /WX- /diagnostics:column /Od /Ob0 /D _MBCS /D WIN32 /D _WINDOWS /D HAVE_IOCTL_SIOCGIFADDR /D HAVE_WINDOWS_H /D HAVE_WS2TCPIP_H /D HAVE_WINSOCK2_H /D HAVE_WINCRYPT_H /D HAVE_STDIO_H /D HAVE_SYS_STAT_H /D HAVE_SYS_TYPES_H /D HAVE_SYS_UTIME_H /D HAVE_ASSERT_H /D HAVE_ERRNO_H /D HAVE_FCNTL_H /D HAVE_IO_H /D HAVE_LOCALE_H /D HAVE_SETJMP_H /D HAVE_SIGNAL_H /D HAVE_STDBOOL_H /D HAVE_STDLIB_H /D HAVE_STRING_H /D HAVE_TIME_H /D HAVE_PROCESS_H /D HAVE_STDDEF_H /D HAVE_MALLOC_H /D HAVE_MEMORY_H /D "CMAKE_INTDIR=\"Debug\"" /Gm- /RTC1 /MDd /GS /fp:precise /Zc:wchar_t /Zc:forScope /Zc:inline /Fo"cmTC_3bb83.dir\Debug\\" /Fd"cmTC_3bb83.dir\Debug\vc142.pdb" /external:W1 /Gd /TC /errorReport:queue "C:\Project Harmony\curl\CMake\CurlTests.c"
C:\Project Harmony\curl\CMake\CurlTests.c(368,10): fatal error C1083: Cannot open include file: 'net/if.h': No such file or directory [C:\Project Harmony\curl\CMakeFiles\CMakeTmp\cmTC_3bb83.vcxproj]


Performing Curl Test HAVE_SETSOCKOPT_SO_NONBLOCK failed with the following output:
Change Dir: C:/Project Harmony/curl/CMakeFiles/CMakeTmp

Run Build Command(s):C:/Program Files (x86)/Microsoft Visual Studio/2019/Community/MSBuild/Current/Bin/MSBuild.exe cmTC_e0c0c.vcxproj /p:Configuration=Debug /p:Platform=x64 /p:VisualStudioVersion=16.0 /v:m && Microsoft (R) Build Engine version 16.11.2+f32259642 for .NET Framework
Copyright (C) Microsoft Corporation. All rights reserved.

  Microsoft (R) C/C++ Optimizing Compiler Version 19.29.30141 for x64
  Copyright (C) Microsoft Corporation.  All rights reserved.
  cl /c /Zi /W1 /WX- /diagnostics:column /Od /Ob0 /D _MBCS /D WIN32 /D _WINDOWS /D HAVE_SETSOCKOPT_SO_NONBLOCK /D HAVE_WINDOWS_H /D HAVE_WS2TCPIP_H /D HAVE_WINSOCK2_H /D HAVE_WINCRYPT_H /D HAVE_STDIO_H /D HAVE_SYS_STAT_H /D HAVE_SYS_TYPES_H /D HAVE_SYS_UTIME_H /D HAVE_ASSERT_H /D HAVE_ERRNO_H /D HAVE_FCNTL_H /D HAVE_IO_H /D HAVE_LOCALE_H /D HAVE_SETJMP_H /D HAVE_SIGNAL_H /D HAVE_STDBOOL_H /D HAVE_STDLIB_H /D HAVE_STRING_H /D HAVE_TIME_H /D HAVE_PROCESS_H /D HAVE_STDDEF_H /D HAVE_MALLOC_H /D HAVE_MEMORY_H /D "CMAKE_INTDIR=\"Debug\"" /Gm- /RTC1 /MDd /GS /fp:precise /Zc:wchar_t /Zc:forScope /Zc:inline /Fo"cmTC_e0c0c.dir\Debug\\" /Fd"cmTC_e0c0c.dir\Debug\vc142.pdb" /external:W1 /Gd /TC /errorReport:queue "C:\Project Harmony\curl\CMake\CurlTests.c"
  CurlTests.c
C:\Project Harmony\curl\CMake\CurlTests.c(404,54): error C2065: 'SO_NONBLOCK': undeclared identifier [C:\Project Harmony\curl\CMakeFiles\CMakeTmp\cmTC_e0c0c.vcxproj]


Performing Curl Test HAVE_SOCKADDR_IN6_SIN6_SCOPE_ID failed with the following output:
Change Dir: C:/Project Harmony/curl/CMakeFiles/CMakeTmp

Run Build Command(s):C:/Program Files (x86)/Microsoft Visual Studio/2019/Community/MSBuild/Current/Bin/MSBuild.exe cmTC_16bb0.vcxproj /p:Configuration=Debug /p:Platform=x64 /p:VisualStudioVersion=16.0 /v:m && Microsoft (R) Build Engine version 16.11.2+f32259642 for .NET Framework
Copyright (C) Microsoft Corporation. All rights reserved.

  Microsoft (R) C/C++ Optimizing Compiler Version 19.29.30141 for x64
  Copyright (C) Microsoft Corporation.  All rights reserved.
  CurlTests.c
  cl /c /Zi /W1 /WX- /diagnostics:column /Od /Ob0 /D _MBCS /D WIN32 /D _WINDOWS /D HAVE_SOCKADDR_IN6_SIN6_SCOPE_ID /D HAVE_WINDOWS_H /D HAVE_WS2TCPIP_H /D HAVE_WINSOCK2_H /D HAVE_WINCRYPT_H /D HAVE_STDIO_H /D HAVE_SYS_STAT_H /D HAVE_SYS_TYPES_H /D HAVE_SYS_UTIME_H /D HAVE_ASSERT_H /D HAVE_ERRNO_H /D HAVE_FCNTL_H /D HAVE_IO_H /D HAVE_LOCALE_H /D HAVE_SETJMP_H /D HAVE_SIGNAL_H /D HAVE_STDBOOL_H /D HAVE_STDLIB_H /D HAVE_STRING_H /D HAVE_TIME_H /D HAVE_PROCESS_H /D HAVE_STDDEF_H /D HAVE_MALLOC_H /D HAVE_MEMORY_H /D "CMAKE_INTDIR=\"Debug\"" /Gm- /RTC1 /MDd /GS /fp:precise /Zc:wchar_t /Zc:forScope /Zc:inline /Fo"cmTC_16bb0.dir\Debug\\" /Fd"cmTC_16bb0.dir\Debug\vc142.pdb" /external:W1 /Gd /TC /errorReport:queue "C:\Project Harmony\curl\CMake\CurlTests.c"
MSVCRTD.lib(exe_main.obj) : error LNK2019: unresolved external symbol main referenced in function "int __cdecl invoke_main(void)" (?invoke_main@@YAHXZ) [C:\Project Harmony\curl\CMakeFiles\CMakeTmp\cmTC_16bb0.vcxproj]
C:\Project Harmony\curl\CMakeFiles\CMakeTmp\Debug\cmTC_16bb0.exe : fatal error LNK1120: 1 unresolved externals [C:\Project Harmony\curl\CMakeFiles\CMakeTmp\cmTC_16bb0.vcxproj]


Performing Curl Test HAVE_FILE_OFFSET_BITS failed with the following output:
Change Dir: C:/Project Harmony/curl/CMakeFiles/CMakeTmp

Run Build Command(s):C:/Program Files (x86)/Microsoft Visual Studio/2019/Community/MSBuild/Current/Bin/MSBuild.exe cmTC_dd7c8.vcxproj /p:Configuration=Debug /p:Platform=x64 /p:VisualStudioVersion=16.0 /v:m && Microsoft (R) Build Engine version 16.11.2+f32259642 for .NET Framework
Copyright (C) Microsoft Corporation. All rights reserved.

  Microsoft (R) C/C++ Optimizing Compiler Version 19.29.30141 for x64
  Copyright (C) Microsoft Corporation.  All rights reserved.
  CurlTests.c
  cl /c /Zi /W1 /WX- /diagnostics:column /Od /Ob0 /D _MBCS /D WIN32 /D _WINDOWS /D HAVE_FILE_OFFSET_BITS /D HAVE_WINDOWS_H /D HAVE_WS2TCPIP_H /D HAVE_WINSOCK2_H /D HAVE_WINCRYPT_H /D HAVE_STDIO_H /D HAVE_SYS_STAT_H /D HAVE_SYS_TYPES_H /D HAVE_SYS_UTIME_H /D HAVE_ASSERT_H /D HAVE_ERRNO_H /D HAVE_FCNTL_H /D HAVE_IO_H /D HAVE_LOCALE_H /D HAVE_SETJMP_H /D HAVE_SIGNAL_H /D HAVE_STDBOOL_H /D HAVE_STDLIB_H /D HAVE_STRING_H /D HAVE_TIME_H /D HAVE_PROCESS_H /D HAVE_STDDEF_H /D HAVE_MALLOC_H /D HAVE_MEMORY_H /D "CMAKE_INTDIR=\"Debug\"" /Gm- /RTC1 /MDd /GS /fp:precise /Zc:wchar_t /Zc:forScope /Zc:inline /Fo"cmTC_dd7c8.dir\Debug\\" /Fd"cmTC_dd7c8.dir\Debug\vc142.pdb" /external:W1 /Gd /TC /errorReport:queue "C:\Project Harmony\curl\CMake\CurlTests.c"
C:\Project Harmony\curl\CMake\CurlTests.c(218,23): warning C4293: '<<': shift count negative or too big, undefined behavior [C:\Project Harmony\curl\CMakeFiles\CMakeTmp\cmTC_dd7c8.vcxproj]
C:\Project Harmony\curl\CMake\CurlTests.c(219,27): warning C4293: '<<': shift count negative or too big, undefined behavior [C:\Project Harmony\curl\CMakeFiles\CMakeTmp\cmTC_dd7c8.vcxproj]
C:\Project Harmony\curl\CMake\CurlTests.c(220,31): error C2118: negative subscript [C:\Project Harmony\curl\CMakeFiles\CMakeTmp\cmTC_dd7c8.vcxproj]


Performing Curl Test HAVE_VARIADIC_MACROS_GCC failed with the following output:
Change Dir: C:/Project Harmony/curl/CMakeFiles/CMakeTmp

Run Build Command(s):C:/Program Files (x86)/Microsoft Visual Studio/2019/Community/MSBuild/Current/Bin/MSBuild.exe cmTC_a8e79.vcxproj /p:Configuration=Debug /p:Platform=x64 /p:VisualStudioVersion=16.0 /v:m && Microsoft (R) Build Engine version 16.11.2+f32259642 for .NET Framework
Copyright (C) Microsoft Corporation. All rights reserved.

  Microsoft (R) C/C++ Optimizing Compiler Version 19.29.30141 for x64
  Copyright (C) Microsoft Corporation.  All rights reserved.
  CurlTests.c
  cl /c /Zi /W1 /WX- /diagnostics:column /Od /Ob0 /D _MBCS /D WIN32 /D _WINDOWS /D HAVE_VARIADIC_MACROS_GCC /D HAVE_WINDOWS_H /D HAVE_WS2TCPIP_H /D HAVE_WINSOCK2_H /D HAVE_WINCRYPT_H /D HAVE_STDIO_H /D HAVE_SYS_STAT_H /D HAVE_SYS_TYPES_H /D HAVE_SYS_UTIME_H /D HAVE_ASSERT_H /D HAVE_ERRNO_H /D HAVE_FCNTL_H /D HAVE_IO_H /D HAVE_LOCALE_H /D HAVE_SETJMP_H /D HAVE_SIGNAL_H /D HAVE_STDBOOL_H /D HAVE_STDLIB_H /D HAVE_STRING_H /D HAVE_TIME_H /D HAVE_PROCESS_H /D HAVE_STDDEF_H /D HAVE_MALLOC_H /D HAVE_MEMORY_H /D "CMAKE_INTDIR=\"Debug\"" /Gm- /RTC1 /MDd /GS /fp:precise /Zc:wchar_t /Zc:forScope /Zc:inline /Fo"cmTC_a8e79.dir\Debug\\" /Fd"cmTC_a8e79.dir\Debug\vc142.pdb" /external:W1 /Gd /TC /errorReport:queue "C:\Project Harmony\curl\CMake\CurlTests.c"
C:\Project Harmony\curl\CMake\CurlTests.c(495,1): error C2010: '.': unexpected in macro parameter list [C:\Project Harmony\curl\CMakeFiles\CMakeTmp\cmTC_a8e79.vcxproj]
C:\Project Harmony\curl\CMake\CurlTests.c(496,1): error C2010: '.': unexpected in macro parameter list [C:\Project Harmony\curl\CMakeFiles\CMakeTmp\cmTC_a8e79.vcxproj]


Performing Curl Test HAVE_GLIBC_STRERROR_R failed with the following output:
Change Dir: C:/Project Harmony/curl/CMakeFiles/CMakeTmp

Run Build Command(s):C:/Program Files (x86)/Microsoft Visual Studio/2019/Community/MSBuild/Current/Bin/MSBuild.exe cmTC_a38be.vcxproj /p:Configuration=Debug /p:Platform=x64 /p:VisualStudioVersion=16.0 /v:m && Microsoft (R) Build Engine version 16.11.2+f32259642 for .NET Framework
Copyright (C) Microsoft Corporation. All rights reserved.

  Microsoft (R) C/C++ Optimizing Compiler Version 19.29.30141 for x64
  Copyright (C) Microsoft Corporation.  All rights reserved.
  CurlTests.c
  cl /c /Zi /W1 /WX- /diagnostics:column /Od /Ob0 /D _MBCS /D WIN32 /D _WINDOWS /D HAVE_GLIBC_STRERROR_R /D HAVE_WINDOWS_H /D HAVE_WS2TCPIP_H /D HAVE_WINSOCK2_H /D HAVE_WINCRYPT_H /D HAVE_STDIO_H /D HAVE_SYS_STAT_H /D HAVE_SYS_TYPES_H /D HAVE_SYS_UTIME_H /D HAVE_ASSERT_H /D HAVE_ERRNO_H /D HAVE_FCNTL_H /D HAVE_IO_H /D HAVE_LOCALE_H /D HAVE_SETJMP_H /D HAVE_SIGNAL_H /D HAVE_STDBOOL_H /D HAVE_STDLIB_H /D HAVE_STRING_H /D HAVE_TIME_H /D HAVE_PROCESS_H /D HAVE_STDDEF_H /D HAVE_MALLOC_H /D HAVE_MEMORY_H /D "CMAKE_INTDIR=\"Debug\"" /Gm- /RTC1 /MDd /GS /fp:precise /Zc:wchar_t /Zc:forScope /Zc:inline /Fo"cmTC_a38be.dir\Debug\\" /Fd"cmTC_a38be.dir\Debug\vc142.pdb" /external:W1 /Gd /TC /errorReport:queue "C:\Project Harmony\curl\CMake\CurlTests.c"
C:\Project Harmony\curl\CMake\CurlTests.c(420,53): error C2109: subscript requires array or pointer type [C:\Project Harmony\curl\CMakeFiles\CMakeTmp\cmTC_a38be.vcxproj]
C:\Project Harmony\curl\CMake\CurlTests.c(420,8): error C2198: 'check': too few arguments for call [C:\Project Harmony\curl\CMakeFiles\CMakeTmp\cmTC_a38be.vcxproj]


Performing Curl Test HAVE_POSIX_STRERROR_R failed with the following output:
Change Dir: C:/Project Harmony/curl/CMakeFiles/CMakeTmp

Run Build Command(s):C:/Program Files (x86)/Microsoft Visual Studio/2019/Community/MSBuild/Current/Bin/MSBuild.exe cmTC_ceeeb.vcxproj /p:Configuration=Debug /p:Platform=x64 /p:VisualStudioVersion=16.0 /v:m && Microsoft (R) Build Engine version 16.11.2+f32259642 for .NET Framework
Copyright (C) Microsoft Corporation. All rights reserved.

  Microsoft (R) C/C++ Optimizing Compiler Version 19.29.30141 for x64
  Copyright (C) Microsoft Corporation.  All rights reserved.
  CurlTests.c
  cl /c /Zi /W1 /WX- /diagnostics:column /Od /Ob0 /D _MBCS /D WIN32 /D _WINDOWS /D HAVE_POSIX_STRERROR_R /D HAVE_WINDOWS_H /D HAVE_WS2TCPIP_H /D HAVE_WINSOCK2_H /D HAVE_WINCRYPT_H /D HAVE_STDIO_H /D HAVE_SYS_STAT_H /D HAVE_SYS_TYPES_H /D HAVE_SYS_UTIME_H /D HAVE_ASSERT_H /D HAVE_ERRNO_H /D HAVE_FCNTL_H /D HAVE_IO_H /D HAVE_LOCALE_H /D HAVE_SETJMP_H /D HAVE_SIGNAL_H /D HAVE_STDBOOL_H /D HAVE_STDLIB_H /D HAVE_STRING_H /D HAVE_TIME_H /D HAVE_PROCESS_H /D HAVE_STDDEF_H /D HAVE_MALLOC_H /D HAVE_MEMORY_H /D "CMAKE_INTDIR=\"Debug\"" /Gm- /RTC1 /MDd /GS /fp:precise /Zc:wchar_t /Zc:forScope /Zc:inline /Fo"cmTC_ceeeb.dir\Debug\\" /Fd"cmTC_ceeeb.dir\Debug\vc142.pdb" /external:W1 /Gd /TC /errorReport:queue "C:\Project Harmony\curl\CMake\CurlTests.c"
CurlTests.obj : error LNK2019: unresolved external symbol strerror_r referenced in function main [C:\Project Harmony\curl\CMakeFiles\CMakeTmp\cmTC_ceeeb.vcxproj]
C:\Project Harmony\curl\CMakeFiles\CMakeTmp\Debug\cmTC_ceeeb.exe : fatal error LNK1120: 1 unresolved externals [C:\Project Harmony\curl\CMakeFiles\CMakeTmp\cmTC_ceeeb.vcxproj]


Performing Curl Test HAVE_CLOCK_GETTIME_MONOTONIC failed with the following output:
Change Dir: C:/Project Harmony/curl/CMakeFiles/CMakeTmp

Run Build Command(s):C:/Program Files (x86)/Microsoft Visual Studio/2019/Community/MSBuild/Current/Bin/MSBuild.exe cmTC_0bd36.vcxproj /p:Configuration=Debug /p:Platform=x64 /p:VisualStudioVersion=16.0 /v:m && Microsoft (R) Build Engine version 16.11.2+f32259642 for .NET Framework
Copyright (C) Microsoft Corporation. All rights reserved.

  Microsoft (R) C/C++ Optimizing Compiler Version 19.29.30141 for x64
  Copyright (C) Microsoft Corporation.  All rights reserved.
  CurlTests.c
  cl /c /Zi /W1 /WX- /diagnostics:column /Od /Ob0 /D _MBCS /D WIN32 /D _WINDOWS /D HAVE_CLOCK_GETTIME_MONOTONIC /D HAVE_WINDOWS_H /D HAVE_WS2TCPIP_H /D HAVE_WINSOCK2_H /D HAVE_WINCRYPT_H /D HAVE_STDIO_H /D HAVE_SYS_STAT_H /D HAVE_SYS_TYPES_H /D HAVE_SYS_UTIME_H /D HAVE_ASSERT_H /D HAVE_ERRNO_H /D HAVE_FCNTL_H /D HAVE_IO_H /D HAVE_LOCALE_H /D HAVE_SETJMP_H /D HAVE_SIGNAL_H /D HAVE_STDBOOL_H /D HAVE_STDLIB_H /D HAVE_STRING_H /D HAVE_TIME_H /D HAVE_PROCESS_H /D HAVE_STDDEF_H /D HAVE_MALLOC_H /D HAVE_MEMORY_H /D "CMAKE_INTDIR=\"Debug\"" /Gm- /RTC1 /MDd /GS /fp:precise /Zc:wchar_t /Zc:forScope /Zc:inline /Fo"cmTC_0bd36.dir\Debug\\" /Fd"cmTC_0bd36.dir\Debug\vc142.pdb" /external:W1 /Gd /TC /errorReport:queue "C:\Project Harmony\curl\CMake\CurlTests.c"
C:\Project Harmony\curl\CMake\CurlTests.c(460,32): error C2065: 'CLOCK_MONOTONIC': undeclared identifier [C:\Project Harmony\curl\CMakeFiles\CMakeTmp\cmTC_0bd36.vcxproj]


Performing Curl Test HAVE_BUILTIN_AVAILABLE failed with the following output:
Change Dir: C:/Project Harmony/curl/CMakeFiles/CMakeTmp

Run Build Command(s):C:/Program Files (x86)/Microsoft Visual Studio/2019/Community/MSBuild/Current/Bin/MSBuild.exe cmTC_096ab.vcxproj /p:Configuration=Debug /p:Platform=x64 /p:VisualStudioVersion=16.0 /v:m && Microsoft (R) Build Engine version 16.11.2+f32259642 for .NET Framework
Copyright (C) Microsoft Corporation. All rights reserved.

  Microsoft (R) C/C++ Optimizing Compiler Version 19.29.30141 for x64
  Copyright (C) Microsoft Corporation.  All rights reserved.
  CurlTests.c
  cl /c /Zi /W1 /WX- /diagnostics:column /Od /Ob0 /D _MBCS /D WIN32 /D _WINDOWS /D HAVE_BUILTIN_AVAILABLE /D HAVE_WINDOWS_H /D HAVE_WS2TCPIP_H /D HAVE_WINSOCK2_H /D HAVE_WINCRYPT_H /D HAVE_STDIO_H /D HAVE_SYS_STAT_H /D HAVE_SYS_TYPES_H /D HAVE_SYS_UTIME_H /D HAVE_ASSERT_H /D HAVE_ERRNO_H /D HAVE_FCNTL_H /D HAVE_IO_H /D HAVE_LOCALE_H /D HAVE_SETJMP_H /D HAVE_SIGNAL_H /D HAVE_STDBOOL_H /D HAVE_STDLIB_H /D HAVE_STRING_H /D HAVE_TIME_H /D HAVE_PROCESS_H /D HAVE_STDDEF_H /D HAVE_MALLOC_H /D HAVE_MEMORY_H /D "CMAKE_INTDIR=\"Debug\"" /Gm- /RTC1 /MDd /GS /fp:precise /Zc:wchar_t /Zc:forScope /Zc:inline /Fo"cmTC_096ab.dir\Debug\\" /Fd"cmTC_096ab.dir\Debug\vc142.pdb" /external:W1 /Gd /TC /errorReport:queue "C:\Project Harmony\curl\CMake\CurlTests.c"
C:\Project Harmony\curl\CMake\CurlTests.c(467,32): error C2065: 'macOS': undeclared identifier [C:\Project Harmony\curl\CMakeFiles\CMakeTmp\cmTC_096ab.vcxproj]
C:\Project Harmony\curl\CMake\CurlTests.c(467,32): error C2143: syntax error: missing ')' before 'constant' [C:\Project Harmony\curl\CMakeFiles\CMakeTmp\cmTC_096ab.vcxproj]
C:\Project Harmony\curl\CMake\CurlTests.c(467,40): error C2059: syntax error: ')' [C:\Project Harmony\curl\CMakeFiles\CMakeTmp\cmTC_096ab.vcxproj]
C:\Project Harmony\curl\CMake\CurlTests.c(467,41): error C2059: syntax error: ')' [C:\Project Harmony\curl\CMakeFiles\CMakeTmp\cmTC_096ab.vcxproj]


Performing C SOURCE FILE Test HAVE_MSG_NOSIGNAL failed with the following output:
Change Dir: C:/Project Harmony/curl/CMakeFiles/CMakeTmp

Run Build Command(s):C:/Program Files (x86)/Microsoft Visual Studio/2019/Community/MSBuild/Current/Bin/MSBuild.exe cmTC_e398d.vcxproj /p:Configuration=Debug /p:Platform=x64 /p:VisualStudioVersion=16.0 /v:m && Microsoft (R) Build Engine version 16.11.2+f32259642 for .NET Framework
Copyright (C) Microsoft Corporation. All rights reserved.

  Microsoft (R) C/C++ Optimizing Compiler Version 19.29.30141 for x64
  Copyright (C) Microsoft Corporation.  All rights reserved.
  src.c
  cl /c /I"C:\Project Harmony\curl\include" /Zi /W1 /WX- /diagnostics:column /Od /Ob0 /D _MBCS /D WIN32 /D _WINDOWS /D _WIN32_WINNT=0x0600 /D _WINSOCKAPI_= /D HAVE_MSG_NOSIGNAL /D "CMAKE_INTDIR=\"Debug\"" /Gm- /RTC1 /MDd /GS /fp:precise /Zc:wchar_t /Zc:forScope /Zc:inline /Fo"cmTC_e398d.dir\Debug\\" /Fd"C:\Project Harmony\curl\CMakeFiles\CMakeTmp\Debug\cmTC_e398d.pdb" /external:W1 /Gd /TC /errorReport:queue "C:\Project Harmony\curl\CMakeFiles\CMakeTmp\src.c"
C:\Project Harmony\curl\CMakeFiles\CMakeTmp\src.c(8,28): error C2065: 'MSG_NOSIGNAL': undeclared identifier [C:\Project Harmony\curl\CMakeFiles\CMakeTmp\cmTC_e398d.vcxproj]


Source file was:
#undef inline
#include <winsock2.h>
#include <windows.h>
#ifndef WIN32_LEAN_AND_MEAN
#define WIN32_LEAN_AND_MEAN
#endif
  int main(void) {
    int flag = MSG_NOSIGNAL;
    (void)flag;
    return 0;
  }
Performing C SOURCE FILE Test HAVE_POLL_FINE failed with the following compile output:
Change Dir: C:/Project Harmony/curl/CMakeFiles/CMakeTmp

Run Build Command(s):C:/Program Files (x86)/Microsoft Visual Studio/2019/Community/MSBuild/Current/Bin/MSBuild.exe cmTC_cbdbb.vcxproj /p:Configuration=Debug /p:Platform=x64 /p:VisualStudioVersion=16.0 /v:m && Microsoft (R) Build Engine version 16.11.2+f32259642 for .NET Framework
Copyright (C) Microsoft Corporation. All rights reserved.

  Microsoft (R) C/C++ Optimizing Compiler Version 19.29.30141 for x64
  Copyright (C) Microsoft Corporation.  All rights reserved.
  src.c
  cl /c /I"C:\Project Harmony\curl\include" /Zi /W1 /WX- /diagnostics:column /Od /Ob0 /D _MBCS /D WIN32 /D _WINDOWS /D _WIN32_WINNT=0x0600 /D _WINSOCKAPI_= /D HAVE_POLL_FINE /D "CMAKE_INTDIR=\"Debug\"" /Gm- /RTC1 /MDd /GS /fp:precise /Zc:wchar_t /Zc:forScope /Zc:inline /Fo"cmTC_cbdbb.dir\Debug\\" /Fd"cmTC_cbdbb.dir\Debug\vc142.pdb" /external:W1 /Gd /TC /errorReport:queue "C:\Project Harmony\curl\CMakeFiles\CMakeTmp\src.c"
C:\Project Harmony\curl\CMakeFiles\CMakeTmp\src.c(3,14): fatal error C1083: Cannot open include file: 'sys/time.h': No such file or directory [C:\Project Harmony\curl\CMakeFiles\CMakeTmp\cmTC_cbdbb.vcxproj]


...and run output:

Return value: 1
Source file was:

    #include <stdlib.h>
    #include <sys/time.h>

    #ifdef HAVE_SYS_POLL_H
    #  include <sys/poll.h>
    #elif  HAVE_POLL_H
    #  include <poll.h>
    #endif

    int main(void)
    {
        if(0 != poll(0, 0, 10)) {
          return 1; /* fail */
        }
        else {
          /* detect the 10.12 poll() breakage */
          struct timeval before, after;
          int rc;
          size_t us;

          gettimeofday(&before, NULL);
          rc = poll(NULL, 0, 500);
          gettimeofday(&after, NULL);

          us = (after.tv_sec - before.tv_sec) * 1000000 +
            (after.tv_usec - before.tv_usec);

          if(us < 400000) {
            return 1;
          }
        }
        return 0;
    }
